warning: unused variable: `dropout_p`
  --> crates\pycandle-core\src\ops.rs:25:5
   |
25 |     dropout_p: f64,
   |     ^^^^^^^^^ help: if this is intentional, prefix it with an underscore: `_dropout_p`
   |
   = note: `#[warn(unused_variables)]` (part of `#[warn(unused)]`) on by default

warning: `pycandle-core` (lib) generated 1 warning
    Checking pycandle v0.1.0 (D:\pycandle\crates\pycandle)
warning: unused import: `super::*`
 --> crates\pycandle\tests\chatterbox_t3_parity.rs:3:9
  |
3 |     use super::*;
  |         ^^^^^^^^
  |
  = note: `#[warn(unused_imports)]` (part of `#[warn(unused)]`) on by default

warning: unused import: `Tensor`
 --> crates\pycandle\tests\chatterbox_t3_parity.rs:4:31
  |
4 |     use candle_core::{Device, Tensor, DType};
  |                               ^^^^^^

warning: unused import: `std::collections::HashMap`
 --> crates\pycandle\tests\chatterbox_t3_parity.rs:7:9
  |
7 |     use std::collections::HashMap;
  |         ^^^^^^^^^^^^^^^^^^^^^^^^^

warning: unnecessary parentheses around assigned value
   --> crates\pycandle\tests\../src/generated_chatterbox_t3.rs:484:19
    |
484 |         let add = (getitem_2 + 0);
    |                   ^             ^
    |
    = note: `#[warn(unused_parens)]` (part of `#[warn(unused)]`) on by default
help: remove these parentheses
    |
484 -         let add = (getitem_2 + 0);
484 +         let add = getitem_2 + 0;
    |

warning: unnecessary parentheses around assigned value
   --> crates\pycandle\tests\../src/generated_chatterbox_t3.rs:494:21
    |
494 |         let add_2 = (getitem_3 + 0);
    |                     ^             ^
    |
help: remove these parentheses
    |
494 -         let add_2 = (getitem_3 + 0);
494 +         let add_2 = getitem_3 + 0;
    |

warning: unnecessary parentheses around assigned value
   --> crates\pycandle\tests\../src/generated_chatterbox_t3.rs:499:21
    |
499 |         let add_3 = (getitem_5 + 0);
    |                     ^             ^
    |
help: remove these parentheses
    |
499 -         let add_3 = (getitem_5 + 0);
499 +         let add_3 = getitem_5 + 0;
    |

warning: unnecessary parentheses around assigned value
   --> crates\pycandle\tests\../src/generated_chatterbox_t3.rs:500:19
    |
500 |         let sub = (add_2 - getitem_3);
    |                   ^                 ^
    |
help: remove these parentheses
    |
500 -         let sub = (add_2 - getitem_3);
500 +         let sub = add_2 - getitem_3;
    |

warning: unnecessary parentheses around method argument
   --> crates\pycandle\tests\../src/generated_chatterbox_t3.rs:516:30
    |
516 |         let getitem_6 = to.i((vec![None, .., slice(None.., .., None), slice(None.., .., None)]))?;
    |                              ^                                                                ^
    |
help: remove these parentheses
    |
516 -         let getitem_6 = to.i((vec![None, .., slice(None.., .., None), slice(None.., .., None)]))?;
516 +         let getitem_6 = to.i(vec![None, .., slice(None.., .., None), slice(None.., .., None)])?;
    |

warning: unnecessary parentheses around assigned value
   --> crates\pycandle\tests\../src/generated_chatterbox_t3.rs:517:21
    |
517 |         let add_5 = (getitem_3 + sub);
    |                     ^               ^
    |
help: remove these parentheses
    |
517 -         let add_5 = (getitem_3 + sub);
517 +         let add_5 = getitem_3 + sub;
    |

error[E0277]: the trait bound `usize: WithDType` is not satisfied
   --> crates\pycandle\tests\../src/generated_chatterbox_t3.rs:486:22
    |
486 |         let arange = Tensor::arange(0, add, xs.device())?;
    |                      ^^^^^^^^^^^^^^ the trait `WithDType` is not implemented for `usize`
    |
    = help: the following other types implement trait `WithDType`:
              f32
              f64
              i64
              u32
              u8
note: required by a bound in `candle_core::Tensor::arange`
   --> C:\Users\Steve Business\.cargo\registry\src\index.crates.io-1949cf8c6b5b557f\candle-core-0.9.1\src\tensor.rs:434:22
    |
434 |     pub fn arange<D: crate::WithDType>(start: D, end: D, device: &Device) -> Result<Self> {
    |                      ^^^^^^^^^^^^^^^^ required by this bound in `Tensor::arange`

error[E0277]: the `?` operator can only be applied to values that implement `Try`
   --> crates\pycandle\tests\../src/generated_chatterbox_t3.rs:501:18
    |
501 |         let gt = getitem_3.gt(&1)?;
    |                  ^^^^^^^^^^^^^^^^^ the `?` operator cannot be applied to type `bool`
    |
    = help: the trait `Try` is not implemented for `bool`

error[E0308]: mismatched types
   --> crates\pycandle\tests\../src/generated_chatterbox_t3.rs:508:45
    |
508 |         let arange_1 = Tensor::arange(0u32, size_4, xs.device())?;
    |                        --------------       ^^^^^^ expected `u32`, found `usize`
    |                        |
    |                        arguments to this function are incorrect
    |
note: associated function defined here
   --> C:\Users\Steve Business\.cargo\registry\src\index.crates.io-1949cf8c6b5b557f\candle-core-0.9.1\src\tensor.rs:434:12
    |
434 |     pub fn arange<D: crate::WithDType>(start: D, end: D, device: &Device) -> Result<Self> {
    |            ^^^^^^
help: you can convert a `usize` to a `u32` and panic if the converted value doesn't fit
    |
508 |         let arange_1 = Tensor::arange(0u32, size_4.try_into().unwrap(), xs.device())?;
    |                                                   ++++++++++++++++++++

error[E0308]: mismatched types
   --> crates\pycandle\tests\../src/generated_chatterbox_t3.rs:509:37
    |
509 |         let add_4 = arange_1.affine(1, 0.0)?;
    |                              ------ ^ expected `f64`, found integer
    |                              |
    |                              arguments to this method are incorrect
    |
note: method defined here
   --> C:\Users\Steve Business\.cargo\registry\src\index.crates.io-1949cf8c6b5b557f\candle-core-0.9.1\src\tensor.rs:725:12
    |
725 |     pub fn affine(&self, mul: f64, add: f64) -> Result<Self> {
    |            ^^^^^^
help: use a float literal
    |
509 |         let add_4 = arange_1.affine(1.0, 0.0)?;
    |                                      ++

error[E0599]: no method named `masked_fill` found for struct `candle_core::Tensor` in the current scope
   --> crates\pycandle\tests\../src/generated_chatterbox_t3.rs:513:33
    |
513 |         let masked_fill_ = full.masked_fill(&lt, 0)?;
    |                                 ^^^^^^^^^^^ method not found in `candle_core::Tensor`

error[E0277]: the `?` operator can only be applied to values that implement `Try`
   --> crates\pycandle\tests\../src/generated_chatterbox_t3.rs:515:20
    |
515 |         let gt_1 = sub.gt(&0)?;
    |                    ^^^^^^^^^^^ the `?` operator cannot be applied to type `bool`
    |
    = help: the trait `Try` is not implemented for `bool`

error[E0308]: mismatched types
   --> crates\pycandle\tests\../src/generated_chatterbox_t3.rs:516:42
    |
516 |         let getitem_6 = to.i((vec![None, .., slice(None.., .., None), slice(None.., .., None)]))?;
    |                                          ^^ expected `Option<_>`, found `RangeFull`
    |
    = note: expected enum `Option<_>`
             found struct `RangeFull`
help: try wrapping the expression in `Some`
    |
516 |         let getitem_6 = to.i((vec![None, Some(..), slice(None.., .., None), slice(None.., .., None)]))?;
    |                                          +++++  +

error[E0425]: cannot find function `slice` in this scope
   --> crates\pycandle\tests\../src/generated_chatterbox_t3.rs:516:46
    |
516 |         let getitem_6 = to.i((vec![None, .., slice(None.., .., None), slice(None.., .., None)]))?;
    |                                              ^^^^^ not found in this scope

error[E0425]: cannot find function `slice` in this scope
   --> crates\pycandle\tests\../src/generated_chatterbox_t3.rs:516:71
    |
516 |         let getitem_6 = to.i((vec![None, .., slice(None.., .., None), slice(None.., .., None)]))?;
    |                                                                       ^^^^^ not found in this scope

error[E0277]: the trait bound `usize: std::ops::Neg` is not satisfied
   --> crates\pycandle\tests\../src/generated_chatterbox_t3.rs:522:40
    |
522 |         let add_6 = { let mut v = vec![-1].clone(); v.extend(&getitem_7); v };
    |                                        ^^ the trait `std::ops::Neg` is not implemented for `usize`
    |
help: consider specifying an integer type that can be negative
    |
522 |         let add_6 = { let mut v = vec![-1isize].clone(); v.extend(&getitem_7); v };
    |                                          +++++

error[E0609]: no field `h_0_attn_c_attn_bias` on type `&ChatterboxT3`
   --> crates\pycandle\tests\../src/generated_chatterbox_t3.rs:534:41
    |
534 |         let h_0_attn_c_attn_bias = self.h_0_attn_c_attn_bias.clone();
    |                                         ^^^^^^^^^^^^^^^^^^^^ unknown field
    |
help: a field with a similar name exists
    |
534 -         let h_0_attn_c_attn_bias = self.h_0_attn_c_attn_bias.clone();
534 +         let h_0_attn_c_attn_bias = self.h_0_attn_c_attn.clone();
    |

error[E0609]: no field `h_0_attn_c_attn_weight` on type `&ChatterboxT3`
   --> crates\pycandle\tests\../src/generated_chatterbox_t3.rs:537:43
    |
537 |         let h_0_attn_c_attn_weight = self.h_0_attn_c_attn_weight.clone();
    |                                           ^^^^^^^^^^^^^^^^^^^^^^ unknown field
    |
help: a field with a similar name exists
    |
537 -         let h_0_attn_c_attn_weight = self.h_0_attn_c_attn_weight.clone();
537 +         let h_0_attn_c_attn_weight = self.h_0_attn_c_attn.clone();
    |

error[E0599]: no method named `split` found for struct `candle_core::Tensor` in the current scope
   --> crates\pycandle\tests\../src/generated_chatterbox_t3.rs:540:28
    |
540 |         let split = view_3.split(1024, 1)?;
    |                            ^^^^^ method not found in `candle_core::Tensor`

error[E0308]: arguments to this function are incorrect
   --> crates\pycandle\tests\../src/generated_chatterbox_t3.rs:559:44
    |
559 | ...tention = pycandle_core::ops::scaled_dot_product_attention(permute, permute_1, permute_2, None, 0.0, false, None)?;
    |              ^^^^^^^^^^^^^^^^^^^^^^^^^^^^^^^^^^^^^^^^^^^^^^^^ -------  ---------  --------- expected `&Tensor`, found `Tensor`
    |                                                               |        |
    |                                                               |        expected `&Tensor`, found `Tensor`
    |                                                               expected `&Tensor`, found `Tensor`
    |
note: function defined here
   --> D:\pycandle\crates\pycandle-core\src\ops.rs:20:8
    |
 20 | pub fn scaled_dot_product_attention(
    |        ^^^^^^^^^^^^^^^^^^^^^^^^^^^^
help: consider borrowing here
    |
559 |         let scaled_dot_product_attention = pycandle_core::ops::scaled_dot_product_attention(&permute, permute_1, permute_2, None, 0.0, false, None)?;
    |                                                                                             +
help: consider borrowing here
    |
559 |         let scaled_dot_product_attention = pycandle_core::ops::scaled_dot_product_attention(permute, &permute_1, permute_2, None, 0.0, false, None)?;
    |                                                                                                      +
help: consider borrowing here
    |
559 |         let scaled_dot_product_attention = pycandle_core::ops::scaled_dot_product_attention(permute, permute_1, &permute_2, None, 0.0, false, None)?;
    |                                                                                                                 +

error[E0609]: no field `h_0_attn_c_proj_bias` on type `&ChatterboxT3`
   --> crates\pycandle\tests\../src/generated_chatterbox_t3.rs:566:41
    |
566 |         let h_0_attn_c_proj_bias = self.h_0_attn_c_proj_bias.clone();
    |                                         ^^^^^^^^^^^^^^^^^^^^ unknown field
    |
help: a field with a similar name exists
    |
566 -         let h_0_attn_c_proj_bias = self.h_0_attn_c_proj_bias.clone();
566 +         let h_0_attn_c_proj_bias = self.h_0_attn_c_proj.clone();
    |

error[E0609]: no field `h_0_attn_c_proj_weight` on type `&ChatterboxT3`
   --> crates\pycandle\tests\../src/generated_chatterbox_t3.rs:569:43
    |
569 |         let h_0_attn_c_proj_weight = self.h_0_attn_c_proj_weight.clone();
    |                                           ^^^^^^^^^^^^^^^^^^^^^^ unknown field
    |
help: a field with a similar name exists
    |
569 -         let h_0_attn_c_proj_weight = self.h_0_attn_c_proj_weight.clone();
569 +         let h_0_attn_c_proj_weight = self.h_0_attn_c_proj.clone();
    |

error[E0609]: no field `h_0_mlp_c_fc_bias` on type `&ChatterboxT3`
   --> crates\pycandle\tests\../src/generated_chatterbox_t3.rs:580:38
    |
580 |         let h_0_mlp_c_fc_bias = self.h_0_mlp_c_fc_bias.clone();
    |                                      ^^^^^^^^^^^^^^^^^ unknown field
    |
help: a field with a similar name exists
    |
580 -         let h_0_mlp_c_fc_bias = self.h_0_mlp_c_fc_bias.clone();
580 +         let h_0_mlp_c_fc_bias = self.h_0_mlp_c_fc.clone();
    |

error[E0609]: no field `h_0_mlp_c_fc_weight` on type `&ChatterboxT3`
   --> crates\pycandle\tests\../src/generated_chatterbox_t3.rs:583:40
    |
583 |         let h_0_mlp_c_fc_weight = self.h_0_mlp_c_fc_weight.clone();
    |                                        ^^^^^^^^^^^^^^^^^^^ unknown field
    |
    = note: available fields are: `drop`, `h_0_attn_c_attn`, `h_0_attn_c_proj`, `h_0_attn_resid_dropout`, `h_0_ln_1` ... and 95 others

error[E0609]: no field `h_0_mlp_c_proj_bias` on type `&ChatterboxT3`
   --> crates\pycandle\tests\../src/generated_chatterbox_t3.rs:597:40
    |
597 |         let h_0_mlp_c_proj_bias = self.h_0_mlp_c_proj_bias.clone();
    |                                        ^^^^^^^^^^^^^^^^^^^ unknown field
    |
help: a field with a similar name exists
    |
597 -         let h_0_mlp_c_proj_bias = self.h_0_mlp_c_proj_bias.clone();
597 +         let h_0_mlp_c_proj_bias = self.h_0_mlp_c_proj.clone();
    |

error[E0609]: no field `h_0_mlp_c_proj_weight` on type `&ChatterboxT3`
   --> crates\pycandle\tests\../src/generated_chatterbox_t3.rs:600:42
    |
600 |         let h_0_mlp_c_proj_weight = self.h_0_mlp_c_proj_weight.clone();
    |                                          ^^^^^^^^^^^^^^^^^^^^^ unknown field
    |
help: a field with a similar name exists
    |
600 -         let h_0_mlp_c_proj_weight = self.h_0_mlp_c_proj_weight.clone();
600 +         let h_0_mlp_c_proj_weight = self.h_0_mlp_c_proj.clone();
    |

error[E0609]: no field `h_1_attn_c_attn_bias` on type `&ChatterboxT3`
   --> crates\pycandle\tests\../src/generated_chatterbox_t3.rs:615:41
    |
615 |         let h_1_attn_c_attn_bias = self.h_1_attn_c_attn_bias.clone();
    |                                         ^^^^^^^^^^^^^^^^^^^^ unknown field
    |
help: a field with a similar name exists
    |
615 -         let h_1_attn_c_attn_bias = self.h_1_attn_c_attn_bias.clone();
615 +         let h_1_attn_c_attn_bias = self.h_1_attn_c_attn.clone();
    |

error[E0609]: no field `h_1_attn_c_attn_weight` on type `&ChatterboxT3`
   --> crates\pycandle\tests\../src/generated_chatterbox_t3.rs:618:43
    |
618 |         let h_1_attn_c_attn_weight = self.h_1_attn_c_attn_weight.clone();
    |                                           ^^^^^^^^^^^^^^^^^^^^^^ unknown field
    |
help: a field with a similar name exists
    |
618 -         let h_1_attn_c_attn_weight = self.h_1_attn_c_attn_weight.clone();
618 +         let h_1_attn_c_attn_weight = self.h_1_attn_c_attn.clone();
    |

error[E0599]: no method named `split` found for struct `candle_core::Tensor` in the current scope
   --> crates\pycandle\tests\../src/generated_chatterbox_t3.rs:621:31
    |
621 |         let split_1 = view_15.split(1024, 1)?;
    |                               ^^^^^ method not found in `candle_core::Tensor`

error[E0308]: arguments to this function are incorrect
   --> crates\pycandle\tests\../src/generated_chatterbox_t3.rs:640:46
    |
640 | ...tion_1 = pycandle_core::ops::scaled_dot_product_attention(permute_3, permute_4, permute_5, None, 0.0, false, None)?;
    |             ^^^^^^^^^^^^^^^^^^^^^^^^^^^^^^^^^^^^^^^^^^^^^^^^ ---------  ---------  --------- expected `&Tensor`, found `Tensor`
    |                                                              |          |
    |                                                              |          expected `&Tensor`, found `Tensor`
    |                                                              expected `&Tensor`, found `Tensor`
    |
note: function defined here
   --> D:\pycandle\crates\pycandle-core\src\ops.rs:20:8
    |
 20 | pub fn scaled_dot_product_attention(
    |        ^^^^^^^^^^^^^^^^^^^^^^^^^^^^
help: consider borrowing here
    |
640 |         let scaled_dot_product_attention_1 = pycandle_core::ops::scaled_dot_product_attention(&permute_3, permute_4, permute_5, None, 0.0, false, None)?;
    |                                                                                               +
help: consider borrowing here
    |
640 |         let scaled_dot_product_attention_1 = pycandle_core::ops::scaled_dot_product_attention(permute_3, &permute_4, permute_5, None, 0.0, false, None)?;
    |                                                                                                          +
help: consider borrowing here
    |
640 |         let scaled_dot_product_attention_1 = pycandle_core::ops::scaled_dot_product_attention(permute_3, permute_4, &permute_5, None, 0.0, false, None)?;
    |                                                                                                                     +

error[E0609]: no field `h_1_attn_c_proj_bias` on type `&ChatterboxT3`
   --> crates\pycandle\tests\../src/generated_chatterbox_t3.rs:647:41
    |
647 |         let h_1_attn_c_proj_bias = self.h_1_attn_c_proj_bias.clone();
    |                                         ^^^^^^^^^^^^^^^^^^^^ unknown field
    |
help: a field with a similar name exists
    |
647 -         let h_1_attn_c_proj_bias = self.h_1_attn_c_proj_bias.clone();
647 +         let h_1_attn_c_proj_bias = self.h_1_attn_c_proj.clone();
    |

error[E0609]: no field `h_1_attn_c_proj_weight` on type `&ChatterboxT3`
   --> crates\pycandle\tests\../src/generated_chatterbox_t3.rs:650:43
    |
650 |         let h_1_attn_c_proj_weight = self.h_1_attn_c_proj_weight.clone();
    |                                           ^^^^^^^^^^^^^^^^^^^^^^ unknown field
    |
help: a field with a similar name exists
    |
650 -         let h_1_attn_c_proj_weight = self.h_1_attn_c_proj_weight.clone();
650 +         let h_1_attn_c_proj_weight = self.h_1_attn_c_proj.clone();
    |

error[E0609]: no field `h_1_mlp_c_fc_bias` on type `&ChatterboxT3`
   --> crates\pycandle\tests\../src/generated_chatterbox_t3.rs:661:38
    |
661 |         let h_1_mlp_c_fc_bias = self.h_1_mlp_c_fc_bias.clone();
    |                                      ^^^^^^^^^^^^^^^^^ unknown field
    |
help: a field with a similar name exists
    |
661 -         let h_1_mlp_c_fc_bias = self.h_1_mlp_c_fc_bias.clone();
661 +         let h_1_mlp_c_fc_bias = self.h_1_mlp_c_fc.clone();
    |

error[E0609]: no field `h_1_mlp_c_fc_weight` on type `&ChatterboxT3`
   --> crates\pycandle\tests\../src/generated_chatterbox_t3.rs:664:40
    |
664 |         let h_1_mlp_c_fc_weight = self.h_1_mlp_c_fc_weight.clone();
    |                                        ^^^^^^^^^^^^^^^^^^^ unknown field
    |
    = note: available fields are: `drop`, `h_0_attn_c_attn`, `h_0_attn_c_proj`, `h_0_attn_resid_dropout`, `h_0_ln_1` ... and 95 others

error[E0609]: no field `h_1_mlp_c_proj_bias` on type `&ChatterboxT3`
   --> crates\pycandle\tests\../src/generated_chatterbox_t3.rs:678:40
    |
678 |         let h_1_mlp_c_proj_bias = self.h_1_mlp_c_proj_bias.clone();
    |                                        ^^^^^^^^^^^^^^^^^^^ unknown field
    |
help: a field with a similar name exists
    |
678 -         let h_1_mlp_c_proj_bias = self.h_1_mlp_c_proj_bias.clone();
678 +         let h_1_mlp_c_proj_bias = self.h_1_mlp_c_proj.clone();
    |

error[E0609]: no field `h_1_mlp_c_proj_weight` on type `&ChatterboxT3`
   --> crates\pycandle\tests\../src/generated_chatterbox_t3.rs:681:42
    |
681 |         let h_1_mlp_c_proj_weight = self.h_1_mlp_c_proj_weight.clone();
    |                                          ^^^^^^^^^^^^^^^^^^^^^ unknown field
    |
help: a field with a similar name exists
    |
681 -         let h_1_mlp_c_proj_weight = self.h_1_mlp_c_proj_weight.clone();
681 +         let h_1_mlp_c_proj_weight = self.h_1_mlp_c_proj.clone();
    |

error[E0609]: no field `h_2_attn_c_attn_bias` on type `&ChatterboxT3`
   --> crates\pycandle\tests\../src/generated_chatterbox_t3.rs:696:41
    |
696 |         let h_2_attn_c_attn_bias = self.h_2_attn_c_attn_bias.clone();
    |                                         ^^^^^^^^^^^^^^^^^^^^ unknown field
    |
help: a field with a similar name exists
    |
696 -         let h_2_attn_c_attn_bias = self.h_2_attn_c_attn_bias.clone();
696 +         let h_2_attn_c_attn_bias = self.h_0_attn_c_attn.clone();
    |

error[E0609]: no field `h_2_attn_c_attn_weight` on type `&ChatterboxT3`
   --> crates\pycandle\tests\../src/generated_chatterbox_t3.rs:699:43
    |
699 |         let h_2_attn_c_attn_weight = self.h_2_attn_c_attn_weight.clone();
    |                                           ^^^^^^^^^^^^^^^^^^^^^^ unknown field
    |
    = note: available fields are: `drop`, `h_0_attn_c_attn`, `h_0_attn_c_proj`, `h_0_attn_resid_dropout`, `h_0_ln_1` ... and 95 others

error[E0599]: no method named `split` found for struct `candle_core::Tensor` in the current scope
   --> crates\pycandle\tests\../src/generated_chatterbox_t3.rs:702:31
    |
702 |         let split_2 = view_27.split(1024, 1)?;
    |                               ^^^^^ method not found in `candle_core::Tensor`

error[E0308]: arguments to this function are incorrect
   --> crates\pycandle\tests\../src/generated_chatterbox_t3.rs:721:46
    |
721 | ...tion_2 = pycandle_core::ops::scaled_dot_product_attention(permute_6, permute_7, permute_8, None, 0.0, false, None)?;
    |             ^^^^^^^^^^^^^^^^^^^^^^^^^^^^^^^^^^^^^^^^^^^^^^^^ ---------  ---------  --------- expected `&Tensor`, found `Tensor`
    |                                                              |          |
    |                                                              |          expected `&Tensor`, found `Tensor`
    |                                                              expected `&Tensor`, found `Tensor`
    |
note: function defined here
   --> D:\pycandle\crates\pycandle-core\src\ops.rs:20:8
    |
 20 | pub fn scaled_dot_product_attention(
    |        ^^^^^^^^^^^^^^^^^^^^^^^^^^^^
help: consider borrowing here
    |
721 |         let scaled_dot_product_attention_2 = pycandle_core::ops::scaled_dot_product_attention(&permute_6, permute_7, permute_8, None, 0.0, false, None)?;
    |                                                                                               +
help: consider borrowing here
    |
721 |         let scaled_dot_product_attention_2 = pycandle_core::ops::scaled_dot_product_attention(permute_6, &permute_7, permute_8, None, 0.0, false, None)?;
    |                                                                                                          +
help: consider borrowing here
    |
721 |         let scaled_dot_product_attention_2 = pycandle_core::ops::scaled_dot_product_attention(permute_6, permute_7, &permute_8, None, 0.0, false, None)?;
    |                                                                                                                     +

error[E0609]: no field `h_2_attn_c_proj_bias` on type `&ChatterboxT3`
   --> crates\pycandle\tests\../src/generated_chatterbox_t3.rs:728:41
    |
728 |         let h_2_attn_c_proj_bias = self.h_2_attn_c_proj_bias.clone();
    |                                         ^^^^^^^^^^^^^^^^^^^^ unknown field
    |
help: a field with a similar name exists
    |
728 -         let h_2_attn_c_proj_bias = self.h_2_attn_c_proj_bias.clone();
728 +         let h_2_attn_c_proj_bias = self.h_0_attn_c_proj.clone();
    |

error[E0609]: no field `h_2_attn_c_proj_weight` on type `&ChatterboxT3`
   --> crates\pycandle\tests\../src/generated_chatterbox_t3.rs:731:43
    |
731 |         let h_2_attn_c_proj_weight = self.h_2_attn_c_proj_weight.clone();
    |                                           ^^^^^^^^^^^^^^^^^^^^^^ unknown field
    |
    = note: available fields are: `drop`, `h_0_attn_c_attn`, `h_0_attn_c_proj`, `h_0_attn_resid_dropout`, `h_0_ln_1` ... and 95 others

error[E0609]: no field `h_2_mlp_c_fc_bias` on type `&ChatterboxT3`
   --> crates\pycandle\tests\../src/generated_chatterbox_t3.rs:742:38
    |
742 |         let h_2_mlp_c_fc_bias = self.h_2_mlp_c_fc_bias.clone();
    |                                      ^^^^^^^^^^^^^^^^^ unknown field
    |
    = note: available fields are: `drop`, `h_0_attn_c_attn`, `h_0_attn_c_proj`, `h_0_attn_resid_dropout`, `h_0_ln_1` ... and 95 others

error[E0609]: no field `h_2_mlp_c_fc_weight` on type `&ChatterboxT3`
   --> crates\pycandle\tests\../src/generated_chatterbox_t3.rs:745:40
    |
745 |         let h_2_mlp_c_fc_weight = self.h_2_mlp_c_fc_weight.clone();
    |                                        ^^^^^^^^^^^^^^^^^^^ unknown field
    |
    = note: available fields are: `drop`, `h_0_attn_c_attn`, `h_0_attn_c_proj`, `h_0_attn_resid_dropout`, `h_0_ln_1` ... and 95 others

error[E0609]: no field `h_2_mlp_c_proj_bias` on type `&ChatterboxT3`
   --> crates\pycandle\tests\../src/generated_chatterbox_t3.rs:759:40
    |
759 |         let h_2_mlp_c_proj_bias = self.h_2_mlp_c_proj_bias.clone();
    |                                        ^^^^^^^^^^^^^^^^^^^ unknown field
    |
help: a field with a similar name exists
    |
759 -         let h_2_mlp_c_proj_bias = self.h_2_mlp_c_proj_bias.clone();
759 +         let h_2_mlp_c_proj_bias = self.h_0_mlp_c_proj.clone();
    |

error[E0609]: no field `h_2_mlp_c_proj_weight` on type `&ChatterboxT3`
   --> crates\pycandle\tests\../src/generated_chatterbox_t3.rs:762:42
    |
762 |         let h_2_mlp_c_proj_weight = self.h_2_mlp_c_proj_weight.clone();
    |                                          ^^^^^^^^^^^^^^^^^^^^^ unknown field
    |
    = note: available fields are: `drop`, `h_0_attn_c_attn`, `h_0_attn_c_proj`, `h_0_attn_resid_dropout`, `h_0_ln_1` ... and 95 others

error[E0609]: no field `h_3_attn_c_attn_bias` on type `&ChatterboxT3`
   --> crates\pycandle\tests\../src/generated_chatterbox_t3.rs:777:41
    |
777 |         let h_3_attn_c_attn_bias = self.h_3_attn_c_attn_bias.clone();
    |                                         ^^^^^^^^^^^^^^^^^^^^ unknown field
    |
help: a field with a similar name exists
    |
777 -         let h_3_attn_c_attn_bias = self.h_3_attn_c_attn_bias.clone();
777 +         let h_3_attn_c_attn_bias = self.h_0_attn_c_attn.clone();
    |

error[E0609]: no field `h_3_attn_c_attn_weight` on type `&ChatterboxT3`
   --> crates\pycandle\tests\../src/generated_chatterbox_t3.rs:780:43
    |
780 |         let h_3_attn_c_attn_weight = self.h_3_attn_c_attn_weight.clone();
    |                                           ^^^^^^^^^^^^^^^^^^^^^^ unknown field
    |
    = note: available fields are: `drop`, `h_0_attn_c_attn`, `h_0_attn_c_proj`, `h_0_attn_resid_dropout`, `h_0_ln_1` ... and 95 others

error[E0599]: no method named `split` found for struct `candle_core::Tensor` in the current scope
   --> crates\pycandle\tests\../src/generated_chatterbox_t3.rs:783:31
    |
783 |         let split_3 = view_39.split(1024, 1)?;
    |                               ^^^^^ method not found in `candle_core::Tensor`

error[E0308]: arguments to this function are incorrect
   --> crates\pycandle\tests\../src/generated_chatterbox_t3.rs:802:46
    |
802 | ...ion_3 = pycandle_core::ops::scaled_dot_product_attention(permute_9, permute_10, permute_11, None, 0.0, false, None)?;
    |            ^^^^^^^^^^^^^^^^^^^^^^^^^^^^^^^^^^^^^^^^^^^^^^^^ ---------  ----------  ---------- expected `&Tensor`, found `Tensor`
    |                                                             |          |
    |                                                             |          expected `&Tensor`, found `Tensor`
    |                                                             expected `&Tensor`, found `Tensor`
    |
note: function defined here
   --> D:\pycandle\crates\pycandle-core\src\ops.rs:20:8
    |
 20 | pub fn scaled_dot_product_attention(
    |        ^^^^^^^^^^^^^^^^^^^^^^^^^^^^
help: consider borrowing here
    |
802 |         let scaled_dot_product_attention_3 = pycandle_core::ops::scaled_dot_product_attention(&permute_9, permute_10, permute_11, None, 0.0, false, None)?;
    |                                                                                               +
help: consider borrowing here
    |
802 |         let scaled_dot_product_attention_3 = pycandle_core::ops::scaled_dot_product_attention(permute_9, &permute_10, permute_11, None, 0.0, false, None)?;
    |                                                                                                          +
help: consider borrowing here
    |
802 |         let scaled_dot_product_attention_3 = pycandle_core::ops::scaled_dot_product_attention(permute_9, permute_10, &permute_11, None, 0.0, false, None)?;
    |                                                                                                                      +

error[E0609]: no field `h_3_attn_c_proj_bias` on type `&ChatterboxT3`
   --> crates\pycandle\tests\../src/generated_chatterbox_t3.rs:809:41
    |
809 |         let h_3_attn_c_proj_bias = self.h_3_attn_c_proj_bias.clone();
    |                                         ^^^^^^^^^^^^^^^^^^^^ unknown field
    |
help: a field with a similar name exists
    |
809 -         let h_3_attn_c_proj_bias = self.h_3_attn_c_proj_bias.clone();
809 +         let h_3_attn_c_proj_bias = self.h_0_attn_c_proj.clone();
    |

error[E0609]: no field `h_3_attn_c_proj_weight` on type `&ChatterboxT3`
   --> crates\pycandle\tests\../src/generated_chatterbox_t3.rs:812:43
    |
812 |         let h_3_attn_c_proj_weight = self.h_3_attn_c_proj_weight.clone();
    |                                           ^^^^^^^^^^^^^^^^^^^^^^ unknown field
    |
    = note: available fields are: `drop`, `h_0_attn_c_attn`, `h_0_attn_c_proj`, `h_0_attn_resid_dropout`, `h_0_ln_1` ... and 95 others

error[E0609]: no field `h_3_mlp_c_fc_bias` on type `&ChatterboxT3`
   --> crates\pycandle\tests\../src/generated_chatterbox_t3.rs:823:38
    |
823 |         let h_3_mlp_c_fc_bias = self.h_3_mlp_c_fc_bias.clone();
    |                                      ^^^^^^^^^^^^^^^^^ unknown field
    |
    = note: available fields are: `drop`, `h_0_attn_c_attn`, `h_0_attn_c_proj`, `h_0_attn_resid_dropout`, `h_0_ln_1` ... and 95 others

error[E0609]: no field `h_3_mlp_c_fc_weight` on type `&ChatterboxT3`
   --> crates\pycandle\tests\../src/generated_chatterbox_t3.rs:826:40
    |
826 |         let h_3_mlp_c_fc_weight = self.h_3_mlp_c_fc_weight.clone();
    |                                        ^^^^^^^^^^^^^^^^^^^ unknown field
    |
    = note: available fields are: `drop`, `h_0_attn_c_attn`, `h_0_attn_c_proj`, `h_0_attn_resid_dropout`, `h_0_ln_1` ... and 95 others

error[E0609]: no field `h_3_mlp_c_proj_bias` on type `&ChatterboxT3`
   --> crates\pycandle\tests\../src/generated_chatterbox_t3.rs:840:40
    |
840 |         let h_3_mlp_c_proj_bias = self.h_3_mlp_c_proj_bias.clone();
    |                                        ^^^^^^^^^^^^^^^^^^^ unknown field
    |
help: a field with a similar name exists
    |
840 -         let h_3_mlp_c_proj_bias = self.h_3_mlp_c_proj_bias.clone();
840 +         let h_3_mlp_c_proj_bias = self.h_0_mlp_c_proj.clone();
    |

error[E0609]: no field `h_3_mlp_c_proj_weight` on type `&ChatterboxT3`
   --> crates\pycandle\tests\../src/generated_chatterbox_t3.rs:843:42
    |
843 |         let h_3_mlp_c_proj_weight = self.h_3_mlp_c_proj_weight.clone();
    |                                          ^^^^^^^^^^^^^^^^^^^^^ unknown field
    |
    = note: available fields are: `drop`, `h_0_attn_c_attn`, `h_0_attn_c_proj`, `h_0_attn_resid_dropout`, `h_0_ln_1` ... and 95 others

error[E0609]: no field `h_4_attn_c_attn_bias` on type `&ChatterboxT3`
   --> crates\pycandle\tests\../src/generated_chatterbox_t3.rs:858:41
    |
858 |         let h_4_attn_c_attn_bias = self.h_4_attn_c_attn_bias.clone();
    |                                         ^^^^^^^^^^^^^^^^^^^^ unknown field
    |
help: a field with a similar name exists
    |
858 -         let h_4_attn_c_attn_bias = self.h_4_attn_c_attn_bias.clone();
858 +         let h_4_attn_c_attn_bias = self.h_0_attn_c_attn.clone();
    |

error[E0609]: no field `h_4_attn_c_attn_weight` on type `&ChatterboxT3`
   --> crates\pycandle\tests\../src/generated_chatterbox_t3.rs:861:43
    |
861 |         let h_4_attn_c_attn_weight = self.h_4_attn_c_attn_weight.clone();
    |                                           ^^^^^^^^^^^^^^^^^^^^^^ unknown field
    |
    = note: available fields are: `drop`, `h_0_attn_c_attn`, `h_0_attn_c_proj`, `h_0_attn_resid_dropout`, `h_0_ln_1` ... and 95 others

error[E0599]: no method named `split` found for struct `candle_core::Tensor` in the current scope
   --> crates\pycandle\tests\../src/generated_chatterbox_t3.rs:864:31
    |
864 |         let split_4 = view_51.split(1024, 1)?;
    |                               ^^^^^ method not found in `candle_core::Tensor`

error[E0308]: arguments to this function are incorrect
   --> crates\pycandle\tests\../src/generated_chatterbox_t3.rs:883:46
    |
883 | ...ion_4 = pycandle_core::ops::scaled_dot_product_attention(permute_12, permute_13, permute_14, None, 0.0, false, None)?;
    |            ^^^^^^^^^^^^^^^^^^^^^^^^^^^^^^^^^^^^^^^^^^^^^^^^ ----------  ----------  ---------- expected `&Tensor`, found `Tensor`
    |                                                             |           |
    |                                                             |           expected `&Tensor`, found `Tensor`
    |                                                             expected `&Tensor`, found `Tensor`
    |
note: function defined here
   --> D:\pycandle\crates\pycandle-core\src\ops.rs:20:8
    |
 20 | pub fn scaled_dot_product_attention(
    |        ^^^^^^^^^^^^^^^^^^^^^^^^^^^^
help: consider borrowing here
    |
883 |         let scaled_dot_product_attention_4 = pycandle_core::ops::scaled_dot_product_attention(&permute_12, permute_13, permute_14, None, 0.0, false, None)?;
    |                                                                                               +
help: consider borrowing here
    |
883 |         let scaled_dot_product_attention_4 = pycandle_core::ops::scaled_dot_product_attention(permute_12, &permute_13, permute_14, None, 0.0, false, None)?;
    |                                                                                                           +
help: consider borrowing here
    |
883 |         let scaled_dot_product_attention_4 = pycandle_core::ops::scaled_dot_product_attention(permute_12, permute_13, &permute_14, None, 0.0, false, None)?;
    |                                                                                                                       +

error[E0609]: no field `h_4_attn_c_proj_bias` on type `&ChatterboxT3`
   --> crates\pycandle\tests\../src/generated_chatterbox_t3.rs:890:41
    |
890 |         let h_4_attn_c_proj_bias = self.h_4_attn_c_proj_bias.clone();
    |                                         ^^^^^^^^^^^^^^^^^^^^ unknown field
    |
help: a field with a similar name exists
    |
890 -         let h_4_attn_c_proj_bias = self.h_4_attn_c_proj_bias.clone();
890 +         let h_4_attn_c_proj_bias = self.h_0_attn_c_proj.clone();
    |

error[E0609]: no field `h_4_attn_c_proj_weight` on type `&ChatterboxT3`
   --> crates\pycandle\tests\../src/generated_chatterbox_t3.rs:893:43
    |
893 |         let h_4_attn_c_proj_weight = self.h_4_attn_c_proj_weight.clone();
    |                                           ^^^^^^^^^^^^^^^^^^^^^^ unknown field
    |
    = note: available fields are: `drop`, `h_0_attn_c_attn`, `h_0_attn_c_proj`, `h_0_attn_resid_dropout`, `h_0_ln_1` ... and 95 others

error[E0609]: no field `h_4_mlp_c_fc_bias` on type `&ChatterboxT3`
   --> crates\pycandle\tests\../src/generated_chatterbox_t3.rs:904:38
    |
904 |         let h_4_mlp_c_fc_bias = self.h_4_mlp_c_fc_bias.clone();
    |                                      ^^^^^^^^^^^^^^^^^ unknown field
    |
    = note: available fields are: `drop`, `h_0_attn_c_attn`, `h_0_attn_c_proj`, `h_0_attn_resid_dropout`, `h_0_ln_1` ... and 95 others

error[E0609]: no field `h_4_mlp_c_fc_weight` on type `&ChatterboxT3`
   --> crates\pycandle\tests\../src/generated_chatterbox_t3.rs:907:40
    |
907 |         let h_4_mlp_c_fc_weight = self.h_4_mlp_c_fc_weight.clone();
    |                                        ^^^^^^^^^^^^^^^^^^^ unknown field
    |
    = note: available fields are: `drop`, `h_0_attn_c_attn`, `h_0_attn_c_proj`, `h_0_attn_resid_dropout`, `h_0_ln_1` ... and 95 others

error[E0609]: no field `h_4_mlp_c_proj_bias` on type `&ChatterboxT3`
   --> crates\pycandle\tests\../src/generated_chatterbox_t3.rs:921:40
    |
921 |         let h_4_mlp_c_proj_bias = self.h_4_mlp_c_proj_bias.clone();
    |                                        ^^^^^^^^^^^^^^^^^^^ unknown field
    |
help: a field with a similar name exists
    |
921 -         let h_4_mlp_c_proj_bias = self.h_4_mlp_c_proj_bias.clone();
921 +         let h_4_mlp_c_proj_bias = self.h_0_mlp_c_proj.clone();
    |

error[E0609]: no field `h_4_mlp_c_proj_weight` on type `&ChatterboxT3`
   --> crates\pycandle\tests\../src/generated_chatterbox_t3.rs:924:42
    |
924 |         let h_4_mlp_c_proj_weight = self.h_4_mlp_c_proj_weight.clone();
    |                                          ^^^^^^^^^^^^^^^^^^^^^ unknown field
    |
    = note: available fields are: `drop`, `h_0_attn_c_attn`, `h_0_attn_c_proj`, `h_0_attn_resid_dropout`, `h_0_ln_1` ... and 95 others

error[E0609]: no field `h_5_attn_c_attn_bias` on type `&ChatterboxT3`
   --> crates\pycandle\tests\../src/generated_chatterbox_t3.rs:939:41
    |
939 |         let h_5_attn_c_attn_bias = self.h_5_attn_c_attn_bias.clone();
    |                                         ^^^^^^^^^^^^^^^^^^^^ unknown field
    |
help: a field with a similar name exists
    |
939 -         let h_5_attn_c_attn_bias = self.h_5_attn_c_attn_bias.clone();
939 +         let h_5_attn_c_attn_bias = self.h_0_attn_c_attn.clone();
    |

error[E0609]: no field `h_5_attn_c_attn_weight` on type `&ChatterboxT3`
   --> crates\pycandle\tests\../src/generated_chatterbox_t3.rs:942:43
    |
942 |         let h_5_attn_c_attn_weight = self.h_5_attn_c_attn_weight.clone();
    |                                           ^^^^^^^^^^^^^^^^^^^^^^ unknown field
    |
    = note: available fields are: `drop`, `h_0_attn_c_attn`, `h_0_attn_c_proj`, `h_0_attn_resid_dropout`, `h_0_ln_1` ... and 95 others

error[E0599]: no method named `split` found for struct `candle_core::Tensor` in the current scope
   --> crates\pycandle\tests\../src/generated_chatterbox_t3.rs:945:31
    |
945 |         let split_5 = view_63.split(1024, 1)?;
    |                               ^^^^^ method not found in `candle_core::Tensor`

error[E0308]: arguments to this function are incorrect
   --> crates\pycandle\tests\../src/generated_chatterbox_t3.rs:964:46
    |
964 | ...ion_5 = pycandle_core::ops::scaled_dot_product_attention(permute_15, permute_16, permute_17, None, 0.0, false, None)?;
    |            ^^^^^^^^^^^^^^^^^^^^^^^^^^^^^^^^^^^^^^^^^^^^^^^^ ----------  ----------  ---------- expected `&Tensor`, found `Tensor`
    |                                                             |           |
    |                                                             |           expected `&Tensor`, found `Tensor`
    |                                                             expected `&Tensor`, found `Tensor`
    |
note: function defined here
   --> D:\pycandle\crates\pycandle-core\src\ops.rs:20:8
    |
 20 | pub fn scaled_dot_product_attention(
    |        ^^^^^^^^^^^^^^^^^^^^^^^^^^^^
help: consider borrowing here
    |
964 |         let scaled_dot_product_attention_5 = pycandle_core::ops::scaled_dot_product_attention(&permute_15, permute_16, permute_17, None, 0.0, false, None)?;
    |                                                                                               +
help: consider borrowing here
    |
964 |         let scaled_dot_product_attention_5 = pycandle_core::ops::scaled_dot_product_attention(permute_15, &permute_16, permute_17, None, 0.0, false, None)?;
    |                                                                                                           +
help: consider borrowing here
    |
964 |         let scaled_dot_product_attention_5 = pycandle_core::ops::scaled_dot_product_attention(permute_15, permute_16, &permute_17, None, 0.0, false, None)?;
    |                                                                                                                       +

error[E0609]: no field `h_5_attn_c_proj_bias` on type `&ChatterboxT3`
   --> crates\pycandle\tests\../src/generated_chatterbox_t3.rs:971:41
    |
971 |         let h_5_attn_c_proj_bias = self.h_5_attn_c_proj_bias.clone();
    |                                         ^^^^^^^^^^^^^^^^^^^^ unknown field
    |
help: a field with a similar name exists
    |
971 -         let h_5_attn_c_proj_bias = self.h_5_attn_c_proj_bias.clone();
971 +         let h_5_attn_c_proj_bias = self.h_0_attn_c_proj.clone();
    |

error[E0609]: no field `h_5_attn_c_proj_weight` on type `&ChatterboxT3`
   --> crates\pycandle\tests\../src/generated_chatterbox_t3.rs:974:43
    |
974 |         let h_5_attn_c_proj_weight = self.h_5_attn_c_proj_weight.clone();
    |                                           ^^^^^^^^^^^^^^^^^^^^^^ unknown field
    |
    = note: available fields are: `drop`, `h_0_attn_c_attn`, `h_0_attn_c_proj`, `h_0_attn_resid_dropout`, `h_0_ln_1` ... and 95 others

error[E0609]: no field `h_5_mlp_c_fc_bias` on type `&ChatterboxT3`
   --> crates\pycandle\tests\../src/generated_chatterbox_t3.rs:985:38
    |
985 |         let h_5_mlp_c_fc_bias = self.h_5_mlp_c_fc_bias.clone();
    |                                      ^^^^^^^^^^^^^^^^^ unknown field
    |
    = note: available fields are: `drop`, `h_0_attn_c_attn`, `h_0_attn_c_proj`, `h_0_attn_resid_dropout`, `h_0_ln_1` ... and 95 others

error[E0609]: no field `h_5_mlp_c_fc_weight` on type `&ChatterboxT3`
   --> crates\pycandle\tests\../src/generated_chatterbox_t3.rs:988:40
    |
988 |         let h_5_mlp_c_fc_weight = self.h_5_mlp_c_fc_weight.clone();
    |                                        ^^^^^^^^^^^^^^^^^^^ unknown field
    |
    = note: available fields are: `drop`, `h_0_attn_c_attn`, `h_0_attn_c_proj`, `h_0_attn_resid_dropout`, `h_0_ln_1` ... and 95 others

error[E0609]: no field `h_5_mlp_c_proj_bias` on type `&ChatterboxT3`
    --> crates\pycandle\tests\../src/generated_chatterbox_t3.rs:1002:40
     |
1002 |         let h_5_mlp_c_proj_bias = self.h_5_mlp_c_proj_bias.clone();
     |                                        ^^^^^^^^^^^^^^^^^^^ unknown field
     |
help: a field with a similar name exists
     |
1002 -         let h_5_mlp_c_proj_bias = self.h_5_mlp_c_proj_bias.clone();
1002 +         let h_5_mlp_c_proj_bias = self.h_0_mlp_c_proj.clone();
     |

error[E0609]: no field `h_5_mlp_c_proj_weight` on type `&ChatterboxT3`
    --> crates\pycandle\tests\../src/generated_chatterbox_t3.rs:1005:42
     |
1005 |         let h_5_mlp_c_proj_weight = self.h_5_mlp_c_proj_weight.clone();
     |                                          ^^^^^^^^^^^^^^^^^^^^^ unknown field
     |
     = note: available fields are: `drop`, `h_0_attn_c_attn`, `h_0_attn_c_proj`, `h_0_attn_resid_dropout`, `h_0_ln_1` ... and 95 others

error[E0609]: no field `h_6_attn_c_attn_bias` on type `&ChatterboxT3`
    --> crates\pycandle\tests\../src/generated_chatterbox_t3.rs:1020:41
     |
1020 |         let h_6_attn_c_attn_bias = self.h_6_attn_c_attn_bias.clone();
     |                                         ^^^^^^^^^^^^^^^^^^^^ unknown field
     |
help: a field with a similar name exists
     |
1020 -         let h_6_attn_c_attn_bias = self.h_6_attn_c_attn_bias.clone();
1020 +         let h_6_attn_c_attn_bias = self.h_0_attn_c_attn.clone();
     |

error[E0609]: no field `h_6_attn_c_attn_weight` on type `&ChatterboxT3`
    --> crates\pycandle\tests\../src/generated_chatterbox_t3.rs:1023:43
     |
1023 |         let h_6_attn_c_attn_weight = self.h_6_attn_c_attn_weight.clone();
     |                                           ^^^^^^^^^^^^^^^^^^^^^^ unknown field
     |
     = note: available fields are: `drop`, `h_0_attn_c_attn`, `h_0_attn_c_proj`, `h_0_attn_resid_dropout`, `h_0_ln_1` ... and 95 others

error[E0599]: no method named `split` found for struct `candle_core::Tensor` in the current scope
    --> crates\pycandle\tests\../src/generated_chatterbox_t3.rs:1026:31
     |
1026 |         let split_6 = view_75.split(1024, 1)?;
     |                               ^^^^^ method not found in `candle_core::Tensor`

error[E0308]: arguments to this function are incorrect
    --> crates\pycandle\tests\../src/generated_chatterbox_t3.rs:1045:46
     |
1045 | ...ion_6 = pycandle_core::ops::scaled_dot_product_attention(permute_18, permute_19, permute_20, None, 0.0, false, None)?;
     |            ^^^^^^^^^^^^^^^^^^^^^^^^^^^^^^^^^^^^^^^^^^^^^^^^ ----------  ----------  ---------- expected `&Tensor`, found `Tensor`
     |                                                             |           |
     |                                                             |           expected `&Tensor`, found `Tensor`
     |                                                             expected `&Tensor`, found `Tensor`
     |
note: function defined here
    --> D:\pycandle\crates\pycandle-core\src\ops.rs:20:8
     |
  20 | pub fn scaled_dot_product_attention(
     |        ^^^^^^^^^^^^^^^^^^^^^^^^^^^^
help: consider borrowing here
     |
1045 |         let scaled_dot_product_attention_6 = pycandle_core::ops::scaled_dot_product_attention(&permute_18, permute_19, permute_20, None, 0.0, false, None)?;
     |                                                                                               +
help: consider borrowing here
     |
1045 |         let scaled_dot_product_attention_6 = pycandle_core::ops::scaled_dot_product_attention(permute_18, &permute_19, permute_20, None, 0.0, false, None)?;
     |                                                                                                           +
help: consider borrowing here
     |
1045 |         let scaled_dot_product_attention_6 = pycandle_core::ops::scaled_dot_product_attention(permute_18, permute_19, &permute_20, None, 0.0, false, None)?;
     |                                                                                                                       +

error[E0609]: no field `h_6_attn_c_proj_bias` on type `&ChatterboxT3`
    --> crates\pycandle\tests\../src/generated_chatterbox_t3.rs:1052:41
     |
1052 |         let h_6_attn_c_proj_bias = self.h_6_attn_c_proj_bias.clone();
     |                                         ^^^^^^^^^^^^^^^^^^^^ unknown field
     |
help: a field with a similar name exists
     |
1052 -         let h_6_attn_c_proj_bias = self.h_6_attn_c_proj_bias.clone();
1052 +         let h_6_attn_c_proj_bias = self.h_0_attn_c_proj.clone();
     |

error[E0609]: no field `h_6_attn_c_proj_weight` on type `&ChatterboxT3`
    --> crates\pycandle\tests\../src/generated_chatterbox_t3.rs:1055:43
     |
1055 |         let h_6_attn_c_proj_weight = self.h_6_attn_c_proj_weight.clone();
     |                                           ^^^^^^^^^^^^^^^^^^^^^^ unknown field
     |
     = note: available fields are: `drop`, `h_0_attn_c_attn`, `h_0_attn_c_proj`, `h_0_attn_resid_dropout`, `h_0_ln_1` ... and 95 others

error[E0609]: no field `h_6_mlp_c_fc_bias` on type `&ChatterboxT3`
    --> crates\pycandle\tests\../src/generated_chatterbox_t3.rs:1066:38
     |
1066 |         let h_6_mlp_c_fc_bias = self.h_6_mlp_c_fc_bias.clone();
     |                                      ^^^^^^^^^^^^^^^^^ unknown field
     |
     = note: available fields are: `drop`, `h_0_attn_c_attn`, `h_0_attn_c_proj`, `h_0_attn_resid_dropout`, `h_0_ln_1` ... and 95 others

error[E0609]: no field `h_6_mlp_c_fc_weight` on type `&ChatterboxT3`
    --> crates\pycandle\tests\../src/generated_chatterbox_t3.rs:1069:40
     |
1069 |         let h_6_mlp_c_fc_weight = self.h_6_mlp_c_fc_weight.clone();
     |                                        ^^^^^^^^^^^^^^^^^^^ unknown field
     |
     = note: available fields are: `drop`, `h_0_attn_c_attn`, `h_0_attn_c_proj`, `h_0_attn_resid_dropout`, `h_0_ln_1` ... and 95 others

error[E0609]: no field `h_6_mlp_c_proj_bias` on type `&ChatterboxT3`
    --> crates\pycandle\tests\../src/generated_chatterbox_t3.rs:1083:40
     |
1083 |         let h_6_mlp_c_proj_bias = self.h_6_mlp_c_proj_bias.clone();
     |                                        ^^^^^^^^^^^^^^^^^^^ unknown field
     |
help: a field with a similar name exists
     |
1083 -         let h_6_mlp_c_proj_bias = self.h_6_mlp_c_proj_bias.clone();
1083 +         let h_6_mlp_c_proj_bias = self.h_0_mlp_c_proj.clone();
     |

error[E0609]: no field `h_6_mlp_c_proj_weight` on type `&ChatterboxT3`
    --> crates\pycandle\tests\../src/generated_chatterbox_t3.rs:1086:42
     |
1086 |         let h_6_mlp_c_proj_weight = self.h_6_mlp_c_proj_weight.clone();
     |                                          ^^^^^^^^^^^^^^^^^^^^^ unknown field
     |
     = note: available fields are: `drop`, `h_0_attn_c_attn`, `h_0_attn_c_proj`, `h_0_attn_resid_dropout`, `h_0_ln_1` ... and 95 others

error[E0609]: no field `h_7_attn_c_attn_bias` on type `&ChatterboxT3`
    --> crates\pycandle\tests\../src/generated_chatterbox_t3.rs:1101:41
     |
1101 |         let h_7_attn_c_attn_bias = self.h_7_attn_c_attn_bias.clone();
     |                                         ^^^^^^^^^^^^^^^^^^^^ unknown field
     |
help: a field with a similar name exists
     |
1101 -         let h_7_attn_c_attn_bias = self.h_7_attn_c_attn_bias.clone();
1101 +         let h_7_attn_c_attn_bias = self.h_0_attn_c_attn.clone();
     |

error[E0609]: no field `h_7_attn_c_attn_weight` on type `&ChatterboxT3`
    --> crates\pycandle\tests\../src/generated_chatterbox_t3.rs:1104:43
     |
1104 |         let h_7_attn_c_attn_weight = self.h_7_attn_c_attn_weight.clone();
     |                                           ^^^^^^^^^^^^^^^^^^^^^^ unknown field
     |
     = note: available fields are: `drop`, `h_0_attn_c_attn`, `h_0_attn_c_proj`, `h_0_attn_resid_dropout`, `h_0_ln_1` ... and 95 others

error[E0599]: no method named `split` found for struct `candle_core::Tensor` in the current scope
    --> crates\pycandle\tests\../src/generated_chatterbox_t3.rs:1107:31
     |
1107 |         let split_7 = view_87.split(1024, 1)?;
     |                               ^^^^^ method not found in `candle_core::Tensor`

error[E0308]: arguments to this function are incorrect
    --> crates\pycandle\tests\../src/generated_chatterbox_t3.rs:1126:46
     |
1126 | ...ion_7 = pycandle_core::ops::scaled_dot_product_attention(permute_21, permute_22, permute_23, None, 0.0, false, None)?;
     |            ^^^^^^^^^^^^^^^^^^^^^^^^^^^^^^^^^^^^^^^^^^^^^^^^ ----------  ----------  ---------- expected `&Tensor`, found `Tensor`
     |                                                             |           |
     |                                                             |           expected `&Tensor`, found `Tensor`
     |                                                             expected `&Tensor`, found `Tensor`
     |
note: function defined here
    --> D:\pycandle\crates\pycandle-core\src\ops.rs:20:8
     |
  20 | pub fn scaled_dot_product_attention(
     |        ^^^^^^^^^^^^^^^^^^^^^^^^^^^^
help: consider borrowing here
     |
1126 |         let scaled_dot_product_attention_7 = pycandle_core::ops::scaled_dot_product_attention(&permute_21, permute_22, permute_23, None, 0.0, false, None)?;
     |                                                                                               +
help: consider borrowing here
     |
1126 |         let scaled_dot_product_attention_7 = pycandle_core::ops::scaled_dot_product_attention(permute_21, &permute_22, permute_23, None, 0.0, false, None)?;
     |                                                                                                           +
help: consider borrowing here
     |
1126 |         let scaled_dot_product_attention_7 = pycandle_core::ops::scaled_dot_product_attention(permute_21, permute_22, &permute_23, None, 0.0, false, None)?;
     |                                                                                                                       +

error[E0609]: no field `h_7_attn_c_proj_bias` on type `&ChatterboxT3`
    --> crates\pycandle\tests\../src/generated_chatterbox_t3.rs:1133:41
     |
1133 |         let h_7_attn_c_proj_bias = self.h_7_attn_c_proj_bias.clone();
     |                                         ^^^^^^^^^^^^^^^^^^^^ unknown field
     |
help: a field with a similar name exists
     |
1133 -         let h_7_attn_c_proj_bias = self.h_7_attn_c_proj_bias.clone();
1133 +         let h_7_attn_c_proj_bias = self.h_0_attn_c_proj.clone();
     |

error[E0609]: no field `h_7_attn_c_proj_weight` on type `&ChatterboxT3`
    --> crates\pycandle\tests\../src/generated_chatterbox_t3.rs:1136:43
     |
1136 |         let h_7_attn_c_proj_weight = self.h_7_attn_c_proj_weight.clone();
     |                                           ^^^^^^^^^^^^^^^^^^^^^^ unknown field
     |
     = note: available fields are: `drop`, `h_0_attn_c_attn`, `h_0_attn_c_proj`, `h_0_attn_resid_dropout`, `h_0_ln_1` ... and 95 others

error[E0609]: no field `h_7_mlp_c_fc_bias` on type `&ChatterboxT3`
    --> crates\pycandle\tests\../src/generated_chatterbox_t3.rs:1147:38
     |
1147 |         let h_7_mlp_c_fc_bias = self.h_7_mlp_c_fc_bias.clone();
     |                                      ^^^^^^^^^^^^^^^^^ unknown field
     |
     = note: available fields are: `drop`, `h_0_attn_c_attn`, `h_0_attn_c_proj`, `h_0_attn_resid_dropout`, `h_0_ln_1` ... and 95 others

error[E0609]: no field `h_7_mlp_c_fc_weight` on type `&ChatterboxT3`
    --> crates\pycandle\tests\../src/generated_chatterbox_t3.rs:1150:40
     |
1150 |         let h_7_mlp_c_fc_weight = self.h_7_mlp_c_fc_weight.clone();
     |                                        ^^^^^^^^^^^^^^^^^^^ unknown field
     |
     = note: available fields are: `drop`, `h_0_attn_c_attn`, `h_0_attn_c_proj`, `h_0_attn_resid_dropout`, `h_0_ln_1` ... and 95 others

error[E0609]: no field `h_7_mlp_c_proj_bias` on type `&ChatterboxT3`
    --> crates\pycandle\tests\../src/generated_chatterbox_t3.rs:1164:40
     |
1164 |         let h_7_mlp_c_proj_bias = self.h_7_mlp_c_proj_bias.clone();
     |                                        ^^^^^^^^^^^^^^^^^^^ unknown field
     |
help: a field with a similar name exists
     |
1164 -         let h_7_mlp_c_proj_bias = self.h_7_mlp_c_proj_bias.clone();
1164 +         let h_7_mlp_c_proj_bias = self.h_0_mlp_c_proj.clone();
     |

error[E0609]: no field `h_7_mlp_c_proj_weight` on type `&ChatterboxT3`
    --> crates\pycandle\tests\../src/generated_chatterbox_t3.rs:1167:42
     |
1167 |         let h_7_mlp_c_proj_weight = self.h_7_mlp_c_proj_weight.clone();
     |                                          ^^^^^^^^^^^^^^^^^^^^^ unknown field
     |
     = note: available fields are: `drop`, `h_0_attn_c_attn`, `h_0_attn_c_proj`, `h_0_attn_resid_dropout`, `h_0_ln_1` ... and 95 others

error[E0609]: no field `h_8_attn_c_attn_bias` on type `&ChatterboxT3`
    --> crates\pycandle\tests\../src/generated_chatterbox_t3.rs:1182:41
     |
1182 |         let h_8_attn_c_attn_bias = self.h_8_attn_c_attn_bias.clone();
     |                                         ^^^^^^^^^^^^^^^^^^^^ unknown field
     |
help: a field with a similar name exists
     |
1182 -         let h_8_attn_c_attn_bias = self.h_8_attn_c_attn_bias.clone();
1182 +         let h_8_attn_c_attn_bias = self.h_0_attn_c_attn.clone();
     |

error[E0609]: no field `h_8_attn_c_attn_weight` on type `&ChatterboxT3`
    --> crates\pycandle\tests\../src/generated_chatterbox_t3.rs:1185:43
     |
1185 |         let h_8_attn_c_attn_weight = self.h_8_attn_c_attn_weight.clone();
     |                                           ^^^^^^^^^^^^^^^^^^^^^^ unknown field
     |
     = note: available fields are: `drop`, `h_0_attn_c_attn`, `h_0_attn_c_proj`, `h_0_attn_resid_dropout`, `h_0_ln_1` ... and 95 others

error[E0599]: no method named `split` found for struct `candle_core::Tensor` in the current scope
    --> crates\pycandle\tests\../src/generated_chatterbox_t3.rs:1188:31
     |
1188 |         let split_8 = view_99.split(1024, 1)?;
     |                               ^^^^^ method not found in `candle_core::Tensor`

error[E0308]: arguments to this function are incorrect
    --> crates\pycandle\tests\../src/generated_chatterbox_t3.rs:1207:46
     |
1207 | ...ion_8 = pycandle_core::ops::scaled_dot_product_attention(permute_24, permute_25, permute_26, None, 0.0, false, None)?;
     |            ^^^^^^^^^^^^^^^^^^^^^^^^^^^^^^^^^^^^^^^^^^^^^^^^ ----------  ----------  ---------- expected `&Tensor`, found `Tensor`
     |                                                             |           |
     |                                                             |           expected `&Tensor`, found `Tensor`
     |                                                             expected `&Tensor`, found `Tensor`
     |
note: function defined here
    --> D:\pycandle\crates\pycandle-core\src\ops.rs:20:8
     |
  20 | pub fn scaled_dot_product_attention(
     |        ^^^^^^^^^^^^^^^^^^^^^^^^^^^^
help: consider borrowing here
     |
1207 |         let scaled_dot_product_attention_8 = pycandle_core::ops::scaled_dot_product_attention(&permute_24, permute_25, permute_26, None, 0.0, false, None)?;
     |                                                                                               +
help: consider borrowing here
     |
1207 |         let scaled_dot_product_attention_8 = pycandle_core::ops::scaled_dot_product_attention(permute_24, &permute_25, permute_26, None, 0.0, false, None)?;
     |                                                                                                           +
help: consider borrowing here
     |
1207 |         let scaled_dot_product_attention_8 = pycandle_core::ops::scaled_dot_product_attention(permute_24, permute_25, &permute_26, None, 0.0, false, None)?;
     |                                                                                                                       +

error[E0609]: no field `h_8_attn_c_proj_bias` on type `&ChatterboxT3`
    --> crates\pycandle\tests\../src/generated_chatterbox_t3.rs:1214:41
     |
1214 |         let h_8_attn_c_proj_bias = self.h_8_attn_c_proj_bias.clone();
     |                                         ^^^^^^^^^^^^^^^^^^^^ unknown field
     |
help: a field with a similar name exists
     |
1214 -         let h_8_attn_c_proj_bias = self.h_8_attn_c_proj_bias.clone();
1214 +         let h_8_attn_c_proj_bias = self.h_0_attn_c_proj.clone();
     |

error[E0609]: no field `h_8_attn_c_proj_weight` on type `&ChatterboxT3`
    --> crates\pycandle\tests\../src/generated_chatterbox_t3.rs:1217:43
     |
1217 |         let h_8_attn_c_proj_weight = self.h_8_attn_c_proj_weight.clone();
     |                                           ^^^^^^^^^^^^^^^^^^^^^^ unknown field
     |
     = note: available fields are: `drop`, `h_0_attn_c_attn`, `h_0_attn_c_proj`, `h_0_attn_resid_dropout`, `h_0_ln_1` ... and 95 others

error[E0609]: no field `h_8_mlp_c_fc_bias` on type `&ChatterboxT3`
    --> crates\pycandle\tests\../src/generated_chatterbox_t3.rs:1228:38
     |
1228 |         let h_8_mlp_c_fc_bias = self.h_8_mlp_c_fc_bias.clone();
     |                                      ^^^^^^^^^^^^^^^^^ unknown field
     |
     = note: available fields are: `drop`, `h_0_attn_c_attn`, `h_0_attn_c_proj`, `h_0_attn_resid_dropout`, `h_0_ln_1` ... and 95 others

error[E0609]: no field `h_8_mlp_c_fc_weight` on type `&ChatterboxT3`
    --> crates\pycandle\tests\../src/generated_chatterbox_t3.rs:1231:40
     |
1231 |         let h_8_mlp_c_fc_weight = self.h_8_mlp_c_fc_weight.clone();
     |                                        ^^^^^^^^^^^^^^^^^^^ unknown field
     |
     = note: available fields are: `drop`, `h_0_attn_c_attn`, `h_0_attn_c_proj`, `h_0_attn_resid_dropout`, `h_0_ln_1` ... and 95 others

error[E0609]: no field `h_8_mlp_c_proj_bias` on type `&ChatterboxT3`
    --> crates\pycandle\tests\../src/generated_chatterbox_t3.rs:1245:40
     |
1245 |         let h_8_mlp_c_proj_bias = self.h_8_mlp_c_proj_bias.clone();
     |                                        ^^^^^^^^^^^^^^^^^^^ unknown field
     |
help: a field with a similar name exists
     |
1245 -         let h_8_mlp_c_proj_bias = self.h_8_mlp_c_proj_bias.clone();
1245 +         let h_8_mlp_c_proj_bias = self.h_0_mlp_c_proj.clone();
     |

error[E0609]: no field `h_8_mlp_c_proj_weight` on type `&ChatterboxT3`
    --> crates\pycandle\tests\../src/generated_chatterbox_t3.rs:1248:42
     |
1248 |         let h_8_mlp_c_proj_weight = self.h_8_mlp_c_proj_weight.clone();
     |                                          ^^^^^^^^^^^^^^^^^^^^^ unknown field
     |
     = note: available fields are: `drop`, `h_0_attn_c_attn`, `h_0_attn_c_proj`, `h_0_attn_resid_dropout`, `h_0_ln_1` ... and 95 others

error[E0609]: no field `h_9_attn_c_attn_bias` on type `&ChatterboxT3`
    --> crates\pycandle\tests\../src/generated_chatterbox_t3.rs:1263:41
     |
1263 |         let h_9_attn_c_attn_bias = self.h_9_attn_c_attn_bias.clone();
     |                                         ^^^^^^^^^^^^^^^^^^^^ unknown field
     |
help: a field with a similar name exists
     |
1263 -         let h_9_attn_c_attn_bias = self.h_9_attn_c_attn_bias.clone();
1263 +         let h_9_attn_c_attn_bias = self.h_0_attn_c_attn.clone();
     |

error[E0609]: no field `h_9_attn_c_attn_weight` on type `&ChatterboxT3`
    --> crates\pycandle\tests\../src/generated_chatterbox_t3.rs:1266:43
     |
1266 |         let h_9_attn_c_attn_weight = self.h_9_attn_c_attn_weight.clone();
     |                                           ^^^^^^^^^^^^^^^^^^^^^^ unknown field
     |
     = note: available fields are: `drop`, `h_0_attn_c_attn`, `h_0_attn_c_proj`, `h_0_attn_resid_dropout`, `h_0_ln_1` ... and 95 others

error[E0599]: no method named `split` found for struct `candle_core::Tensor` in the current scope
    --> crates\pycandle\tests\../src/generated_chatterbox_t3.rs:1269:32
     |
1269 |         let split_9 = view_111.split(1024, 1)?;
     |                                ^^^^^ method not found in `candle_core::Tensor`

error[E0308]: arguments to this function are incorrect
    --> crates\pycandle\tests\../src/generated_chatterbox_t3.rs:1288:46
     |
1288 | ...ion_9 = pycandle_core::ops::scaled_dot_product_attention(permute_27, permute_28, permute_29, None, 0.0, false, None)?;
     |            ^^^^^^^^^^^^^^^^^^^^^^^^^^^^^^^^^^^^^^^^^^^^^^^^ ----------  ----------  ---------- expected `&Tensor`, found `Tensor`
     |                                                             |           |
     |                                                             |           expected `&Tensor`, found `Tensor`
     |                                                             expected `&Tensor`, found `Tensor`
     |
note: function defined here
    --> D:\pycandle\crates\pycandle-core\src\ops.rs:20:8
     |
  20 | pub fn scaled_dot_product_attention(
     |        ^^^^^^^^^^^^^^^^^^^^^^^^^^^^
help: consider borrowing here
     |
1288 |         let scaled_dot_product_attention_9 = pycandle_core::ops::scaled_dot_product_attention(&permute_27, permute_28, permute_29, None, 0.0, false, None)?;
     |                                                                                               +
help: consider borrowing here
     |
1288 |         let scaled_dot_product_attention_9 = pycandle_core::ops::scaled_dot_product_attention(permute_27, &permute_28, permute_29, None, 0.0, false, None)?;
     |                                                                                                           +
help: consider borrowing here
     |
1288 |         let scaled_dot_product_attention_9 = pycandle_core::ops::scaled_dot_product_attention(permute_27, permute_28, &permute_29, None, 0.0, false, None)?;
     |                                                                                                                       +

error[E0609]: no field `h_9_attn_c_proj_bias` on type `&ChatterboxT3`
    --> crates\pycandle\tests\../src/generated_chatterbox_t3.rs:1295:41
     |
1295 |         let h_9_attn_c_proj_bias = self.h_9_attn_c_proj_bias.clone();
     |                                         ^^^^^^^^^^^^^^^^^^^^ unknown field
     |
help: a field with a similar name exists
     |
1295 -         let h_9_attn_c_proj_bias = self.h_9_attn_c_proj_bias.clone();
1295 +         let h_9_attn_c_proj_bias = self.h_0_attn_c_proj.clone();
     |

error[E0609]: no field `h_9_attn_c_proj_weight` on type `&ChatterboxT3`
    --> crates\pycandle\tests\../src/generated_chatterbox_t3.rs:1298:43
     |
1298 |         let h_9_attn_c_proj_weight = self.h_9_attn_c_proj_weight.clone();
     |                                           ^^^^^^^^^^^^^^^^^^^^^^ unknown field
     |
     = note: available fields are: `drop`, `h_0_attn_c_attn`, `h_0_attn_c_proj`, `h_0_attn_resid_dropout`, `h_0_ln_1` ... and 95 others

error[E0609]: no field `h_9_mlp_c_fc_bias` on type `&ChatterboxT3`
    --> crates\pycandle\tests\../src/generated_chatterbox_t3.rs:1309:38
     |
1309 |         let h_9_mlp_c_fc_bias = self.h_9_mlp_c_fc_bias.clone();
     |                                      ^^^^^^^^^^^^^^^^^ unknown field
     |
     = note: available fields are: `drop`, `h_0_attn_c_attn`, `h_0_attn_c_proj`, `h_0_attn_resid_dropout`, `h_0_ln_1` ... and 95 others

error[E0609]: no field `h_9_mlp_c_fc_weight` on type `&ChatterboxT3`
    --> crates\pycandle\tests\../src/generated_chatterbox_t3.rs:1312:40
     |
1312 |         let h_9_mlp_c_fc_weight = self.h_9_mlp_c_fc_weight.clone();
     |                                        ^^^^^^^^^^^^^^^^^^^ unknown field
     |
     = note: available fields are: `drop`, `h_0_attn_c_attn`, `h_0_attn_c_proj`, `h_0_attn_resid_dropout`, `h_0_ln_1` ... and 95 others

error[E0609]: no field `h_9_mlp_c_proj_bias` on type `&ChatterboxT3`
    --> crates\pycandle\tests\../src/generated_chatterbox_t3.rs:1326:40
     |
1326 |         let h_9_mlp_c_proj_bias = self.h_9_mlp_c_proj_bias.clone();
     |                                        ^^^^^^^^^^^^^^^^^^^ unknown field
     |
help: a field with a similar name exists
     |
1326 -         let h_9_mlp_c_proj_bias = self.h_9_mlp_c_proj_bias.clone();
1326 +         let h_9_mlp_c_proj_bias = self.h_0_mlp_c_proj.clone();
     |

error[E0609]: no field `h_9_mlp_c_proj_weight` on type `&ChatterboxT3`
    --> crates\pycandle\tests\../src/generated_chatterbox_t3.rs:1329:42
     |
1329 |         let h_9_mlp_c_proj_weight = self.h_9_mlp_c_proj_weight.clone();
     |                                          ^^^^^^^^^^^^^^^^^^^^^ unknown field
     |
     = note: available fields are: `drop`, `h_0_attn_c_attn`, `h_0_attn_c_proj`, `h_0_attn_resid_dropout`, `h_0_ln_1` ... and 95 others

error[E0609]: no field `h_10_attn_c_attn_bias` on type `&ChatterboxT3`
    --> crates\pycandle\tests\../src/generated_chatterbox_t3.rs:1344:42
     |
1344 |         let h_10_attn_c_attn_bias = self.h_10_attn_c_attn_bias.clone();
     |                                          ^^^^^^^^^^^^^^^^^^^^^ unknown field
     |
help: a field with a similar name exists
     |
1344 -         let h_10_attn_c_attn_bias = self.h_10_attn_c_attn_bias.clone();
1344 +         let h_10_attn_c_attn_bias = self.h_10_attn_c_attn.clone();
     |

error[E0609]: no field `h_10_attn_c_attn_weight` on type `&ChatterboxT3`
    --> crates\pycandle\tests\../src/generated_chatterbox_t3.rs:1347:44
     |
1347 |         let h_10_attn_c_attn_weight = self.h_10_attn_c_attn_weight.clone();
     |                                            ^^^^^^^^^^^^^^^^^^^^^^^ unknown field
     |
help: a field with a similar name exists
     |
1347 -         let h_10_attn_c_attn_weight = self.h_10_attn_c_attn_weight.clone();
1347 +         let h_10_attn_c_attn_weight = self.h_10_attn_c_attn.clone();
     |

error[E0599]: no method named `split` found for struct `candle_core::Tensor` in the current scope
    --> crates\pycandle\tests\../src/generated_chatterbox_t3.rs:1350:33
     |
1350 |         let split_10 = view_123.split(1024, 1)?;
     |                                 ^^^^^ method not found in `candle_core::Tensor`

error[E0308]: arguments to this function are incorrect
    --> crates\pycandle\tests\../src/generated_chatterbox_t3.rs:1369:47
     |
1369 | ...on_10 = pycandle_core::ops::scaled_dot_product_attention(permute_30, permute_31, permute_32, None, 0.0, false, None)?;
     |            ^^^^^^^^^^^^^^^^^^^^^^^^^^^^^^^^^^^^^^^^^^^^^^^^ ----------  ----------  ---------- expected `&Tensor`, found `Tensor`
     |                                                             |           |
     |                                                             |           expected `&Tensor`, found `Tensor`
     |                                                             expected `&Tensor`, found `Tensor`
     |
note: function defined here
    --> D:\pycandle\crates\pycandle-core\src\ops.rs:20:8
     |
  20 | pub fn scaled_dot_product_attention(
     |        ^^^^^^^^^^^^^^^^^^^^^^^^^^^^
help: consider borrowing here
     |
1369 |         let scaled_dot_product_attention_10 = pycandle_core::ops::scaled_dot_product_attention(&permute_30, permute_31, permute_32, None, 0.0, false, None)?;
     |                                                                                                +
help: consider borrowing here
     |
1369 |         let scaled_dot_product_attention_10 = pycandle_core::ops::scaled_dot_product_attention(permute_30, &permute_31, permute_32, None, 0.0, false, None)?;
     |                                                                                                            +
help: consider borrowing here
     |
1369 |         let scaled_dot_product_attention_10 = pycandle_core::ops::scaled_dot_product_attention(permute_30, permute_31, &permute_32, None, 0.0, false, None)?;
     |                                                                                                                        +

error[E0609]: no field `h_10_attn_c_proj_bias` on type `&ChatterboxT3`
    --> crates\pycandle\tests\../src/generated_chatterbox_t3.rs:1376:42
     |
1376 |         let h_10_attn_c_proj_bias = self.h_10_attn_c_proj_bias.clone();
     |                                          ^^^^^^^^^^^^^^^^^^^^^ unknown field
     |
help: a field with a similar name exists
     |
1376 -         let h_10_attn_c_proj_bias = self.h_10_attn_c_proj_bias.clone();
1376 +         let h_10_attn_c_proj_bias = self.h_10_attn_c_proj.clone();
     |

error[E0609]: no field `h_10_attn_c_proj_weight` on type `&ChatterboxT3`
    --> crates\pycandle\tests\../src/generated_chatterbox_t3.rs:1379:44
     |
1379 |         let h_10_attn_c_proj_weight = self.h_10_attn_c_proj_weight.clone();
     |                                            ^^^^^^^^^^^^^^^^^^^^^^^ unknown field
     |
help: a field with a similar name exists
     |
1379 -         let h_10_attn_c_proj_weight = self.h_10_attn_c_proj_weight.clone();
1379 +         let h_10_attn_c_proj_weight = self.h_10_attn_c_proj.clone();
     |

error[E0609]: no field `h_10_mlp_c_fc_bias` on type `&ChatterboxT3`
    --> crates\pycandle\tests\../src/generated_chatterbox_t3.rs:1390:39
     |
1390 |         let h_10_mlp_c_fc_bias = self.h_10_mlp_c_fc_bias.clone();
     |                                       ^^^^^^^^^^^^^^^^^^ unknown field
     |
help: a field with a similar name exists
     |
1390 -         let h_10_mlp_c_fc_bias = self.h_10_mlp_c_fc_bias.clone();
1390 +         let h_10_mlp_c_fc_bias = self.h_10_mlp_c_fc.clone();
     |

error[E0609]: no field `h_10_mlp_c_fc_weight` on type `&ChatterboxT3`
    --> crates\pycandle\tests\../src/generated_chatterbox_t3.rs:1393:41
     |
1393 |         let h_10_mlp_c_fc_weight = self.h_10_mlp_c_fc_weight.clone();
     |                                         ^^^^^^^^^^^^^^^^^^^^ unknown field
     |
     = note: available fields are: `drop`, `h_0_attn_c_attn`, `h_0_attn_c_proj`, `h_0_attn_resid_dropout`, `h_0_ln_1` ... and 95 others

error[E0609]: no field `h_10_mlp_c_proj_bias` on type `&ChatterboxT3`
    --> crates\pycandle\tests\../src/generated_chatterbox_t3.rs:1407:41
     |
1407 |         let h_10_mlp_c_proj_bias = self.h_10_mlp_c_proj_bias.clone();
     |                                         ^^^^^^^^^^^^^^^^^^^^ unknown field
     |
help: a field with a similar name exists
     |
1407 -         let h_10_mlp_c_proj_bias = self.h_10_mlp_c_proj_bias.clone();
1407 +         let h_10_mlp_c_proj_bias = self.h_10_mlp_c_proj.clone();
     |

error[E0609]: no field `h_10_mlp_c_proj_weight` on type `&ChatterboxT3`
    --> crates\pycandle\tests\../src/generated_chatterbox_t3.rs:1410:43
     |
1410 |         let h_10_mlp_c_proj_weight = self.h_10_mlp_c_proj_weight.clone();
     |                                           ^^^^^^^^^^^^^^^^^^^^^^ unknown field
     |
help: a field with a similar name exists
     |
1410 -         let h_10_mlp_c_proj_weight = self.h_10_mlp_c_proj_weight.clone();
1410 +         let h_10_mlp_c_proj_weight = self.h_10_mlp_c_proj.clone();
     |

error[E0609]: no field `h_11_attn_c_attn_bias` on type `&ChatterboxT3`
    --> crates\pycandle\tests\../src/generated_chatterbox_t3.rs:1425:42
     |
1425 |         let h_11_attn_c_attn_bias = self.h_11_attn_c_attn_bias.clone();
     |                                          ^^^^^^^^^^^^^^^^^^^^^ unknown field
     |
help: a field with a similar name exists
     |
1425 -         let h_11_attn_c_attn_bias = self.h_11_attn_c_attn_bias.clone();
1425 +         let h_11_attn_c_attn_bias = self.h_11_attn_c_attn.clone();
     |

error[E0609]: no field `h_11_attn_c_attn_weight` on type `&ChatterboxT3`
    --> crates\pycandle\tests\../src/generated_chatterbox_t3.rs:1428:44
     |
1428 |         let h_11_attn_c_attn_weight = self.h_11_attn_c_attn_weight.clone();
     |                                            ^^^^^^^^^^^^^^^^^^^^^^^ unknown field
     |
help: a field with a similar name exists
     |
1428 -         let h_11_attn_c_attn_weight = self.h_11_attn_c_attn_weight.clone();
1428 +         let h_11_attn_c_attn_weight = self.h_11_attn_c_attn.clone();
     |

error[E0599]: no method named `split` found for struct `candle_core::Tensor` in the current scope
    --> crates\pycandle\tests\../src/generated_chatterbox_t3.rs:1431:33
     |
1431 |         let split_11 = view_135.split(1024, 1)?;
     |                                 ^^^^^ method not found in `candle_core::Tensor`

error[E0308]: arguments to this function are incorrect
    --> crates\pycandle\tests\../src/generated_chatterbox_t3.rs:1450:47
     |
1450 | ...on_11 = pycandle_core::ops::scaled_dot_product_attention(permute_33, permute_34, permute_35, None, 0.0, false, None)?;
     |            ^^^^^^^^^^^^^^^^^^^^^^^^^^^^^^^^^^^^^^^^^^^^^^^^ ----------  ----------  ---------- expected `&Tensor`, found `Tensor`
     |                                                             |           |
     |                                                             |           expected `&Tensor`, found `Tensor`
     |                                                             expected `&Tensor`, found `Tensor`
     |
note: function defined here
    --> D:\pycandle\crates\pycandle-core\src\ops.rs:20:8
     |
  20 | pub fn scaled_dot_product_attention(
     |        ^^^^^^^^^^^^^^^^^^^^^^^^^^^^
help: consider borrowing here
     |
1450 |         let scaled_dot_product_attention_11 = pycandle_core::ops::scaled_dot_product_attention(&permute_33, permute_34, permute_35, None, 0.0, false, None)?;
     |                                                                                                +
help: consider borrowing here
     |
1450 |         let scaled_dot_product_attention_11 = pycandle_core::ops::scaled_dot_product_attention(permute_33, &permute_34, permute_35, None, 0.0, false, None)?;
     |                                                                                                            +
help: consider borrowing here
     |
1450 |         let scaled_dot_product_attention_11 = pycandle_core::ops::scaled_dot_product_attention(permute_33, permute_34, &permute_35, None, 0.0, false, None)?;
     |                                                                                                                        +

error[E0609]: no field `h_11_attn_c_proj_bias` on type `&ChatterboxT3`
    --> crates\pycandle\tests\../src/generated_chatterbox_t3.rs:1457:42
     |
1457 |         let h_11_attn_c_proj_bias = self.h_11_attn_c_proj_bias.clone();
     |                                          ^^^^^^^^^^^^^^^^^^^^^ unknown field
     |
help: a field with a similar name exists
     |
1457 -         let h_11_attn_c_proj_bias = self.h_11_attn_c_proj_bias.clone();
1457 +         let h_11_attn_c_proj_bias = self.h_11_attn_c_proj.clone();
     |

error[E0609]: no field `h_11_attn_c_proj_weight` on type `&ChatterboxT3`
    --> crates\pycandle\tests\../src/generated_chatterbox_t3.rs:1460:44
     |
1460 |         let h_11_attn_c_proj_weight = self.h_11_attn_c_proj_weight.clone();
     |                                            ^^^^^^^^^^^^^^^^^^^^^^^ unknown field
     |
help: a field with a similar name exists
     |
1460 -         let h_11_attn_c_proj_weight = self.h_11_attn_c_proj_weight.clone();
1460 +         let h_11_attn_c_proj_weight = self.h_11_attn_c_proj.clone();
     |

error[E0609]: no field `h_11_mlp_c_fc_bias` on type `&ChatterboxT3`
    --> crates\pycandle\tests\../src/generated_chatterbox_t3.rs:1471:39
     |
1471 |         let h_11_mlp_c_fc_bias = self.h_11_mlp_c_fc_bias.clone();
     |                                       ^^^^^^^^^^^^^^^^^^ unknown field
     |
help: a field with a similar name exists
     |
1471 -         let h_11_mlp_c_fc_bias = self.h_11_mlp_c_fc_bias.clone();
1471 +         let h_11_mlp_c_fc_bias = self.h_11_mlp_c_fc.clone();
     |

error[E0609]: no field `h_11_mlp_c_fc_weight` on type `&ChatterboxT3`
    --> crates\pycandle\tests\../src/generated_chatterbox_t3.rs:1474:41
     |
1474 |         let h_11_mlp_c_fc_weight = self.h_11_mlp_c_fc_weight.clone();
     |                                         ^^^^^^^^^^^^^^^^^^^^ unknown field
     |
     = note: available fields are: `drop`, `h_0_attn_c_attn`, `h_0_attn_c_proj`, `h_0_attn_resid_dropout`, `h_0_ln_1` ... and 95 others

error[E0609]: no field `h_11_mlp_c_proj_bias` on type `&ChatterboxT3`
    --> crates\pycandle\tests\../src/generated_chatterbox_t3.rs:1488:41
     |
1488 |         let h_11_mlp_c_proj_bias = self.h_11_mlp_c_proj_bias.clone();
     |                                         ^^^^^^^^^^^^^^^^^^^^ unknown field
     |
help: a field with a similar name exists
     |
1488 -         let h_11_mlp_c_proj_bias = self.h_11_mlp_c_proj_bias.clone();
1488 +         let h_11_mlp_c_proj_bias = self.h_11_mlp_c_proj.clone();
     |

error[E0609]: no field `h_11_mlp_c_proj_weight` on type `&ChatterboxT3`
    --> crates\pycandle\tests\../src/generated_chatterbox_t3.rs:1491:43
     |
1491 |         let h_11_mlp_c_proj_weight = self.h_11_mlp_c_proj_weight.clone();
     |                                           ^^^^^^^^^^^^^^^^^^^^^^ unknown field
     |
help: a field with a similar name exists
     |
1491 -         let h_11_mlp_c_proj_weight = self.h_11_mlp_c_proj_weight.clone();
1491 +         let h_11_mlp_c_proj_weight = self.h_11_mlp_c_proj.clone();
     |

error[E0609]: no field `h_12_attn_c_attn_bias` on type `&ChatterboxT3`
    --> crates\pycandle\tests\../src/generated_chatterbox_t3.rs:1506:42
     |
1506 |         let h_12_attn_c_attn_bias = self.h_12_attn_c_attn_bias.clone();
     |                                          ^^^^^^^^^^^^^^^^^^^^^ unknown field
     |
help: a field with a similar name exists
     |
1506 -         let h_12_attn_c_attn_bias = self.h_12_attn_c_attn_bias.clone();
1506 +         let h_12_attn_c_attn_bias = self.h_12_attn_c_attn.clone();
     |

error[E0609]: no field `h_12_attn_c_attn_weight` on type `&ChatterboxT3`
    --> crates\pycandle\tests\../src/generated_chatterbox_t3.rs:1509:44
     |
1509 |         let h_12_attn_c_attn_weight = self.h_12_attn_c_attn_weight.clone();
     |                                            ^^^^^^^^^^^^^^^^^^^^^^^ unknown field
     |
help: a field with a similar name exists
     |
1509 -         let h_12_attn_c_attn_weight = self.h_12_attn_c_attn_weight.clone();
1509 +         let h_12_attn_c_attn_weight = self.h_12_attn_c_attn.clone();
     |

error[E0599]: no method named `split` found for struct `candle_core::Tensor` in the current scope
    --> crates\pycandle\tests\../src/generated_chatterbox_t3.rs:1512:33
     |
1512 |         let split_12 = view_147.split(1024, 1)?;
     |                                 ^^^^^ method not found in `candle_core::Tensor`

error[E0308]: arguments to this function are incorrect
    --> crates\pycandle\tests\../src/generated_chatterbox_t3.rs:1531:47
     |
1531 | ...on_12 = pycandle_core::ops::scaled_dot_product_attention(permute_36, permute_37, permute_38, None, 0.0, false, None)?;
     |            ^^^^^^^^^^^^^^^^^^^^^^^^^^^^^^^^^^^^^^^^^^^^^^^^ ----------  ----------  ---------- expected `&Tensor`, found `Tensor`
     |                                                             |           |
     |                                                             |           expected `&Tensor`, found `Tensor`
     |                                                             expected `&Tensor`, found `Tensor`
     |
note: function defined here
    --> D:\pycandle\crates\pycandle-core\src\ops.rs:20:8
     |
  20 | pub fn scaled_dot_product_attention(
     |        ^^^^^^^^^^^^^^^^^^^^^^^^^^^^
help: consider borrowing here
     |
1531 |         let scaled_dot_product_attention_12 = pycandle_core::ops::scaled_dot_product_attention(&permute_36, permute_37, permute_38, None, 0.0, false, None)?;
     |                                                                                                +
help: consider borrowing here
     |
1531 |         let scaled_dot_product_attention_12 = pycandle_core::ops::scaled_dot_product_attention(permute_36, &permute_37, permute_38, None, 0.0, false, None)?;
     |                                                                                                            +
help: consider borrowing here
     |
1531 |         let scaled_dot_product_attention_12 = pycandle_core::ops::scaled_dot_product_attention(permute_36, permute_37, &permute_38, None, 0.0, false, None)?;
     |                                                                                                                        +

error[E0609]: no field `h_12_attn_c_proj_bias` on type `&ChatterboxT3`
    --> crates\pycandle\tests\../src/generated_chatterbox_t3.rs:1538:42
     |
1538 |         let h_12_attn_c_proj_bias = self.h_12_attn_c_proj_bias.clone();
     |                                          ^^^^^^^^^^^^^^^^^^^^^ unknown field
     |
help: a field with a similar name exists
     |
1538 -         let h_12_attn_c_proj_bias = self.h_12_attn_c_proj_bias.clone();
1538 +         let h_12_attn_c_proj_bias = self.h_12_attn_c_proj.clone();
     |

error[E0609]: no field `h_12_attn_c_proj_weight` on type `&ChatterboxT3`
    --> crates\pycandle\tests\../src/generated_chatterbox_t3.rs:1541:44
     |
1541 |         let h_12_attn_c_proj_weight = self.h_12_attn_c_proj_weight.clone();
     |                                            ^^^^^^^^^^^^^^^^^^^^^^^ unknown field
     |
help: a field with a similar name exists
     |
1541 -         let h_12_attn_c_proj_weight = self.h_12_attn_c_proj_weight.clone();
1541 +         let h_12_attn_c_proj_weight = self.h_12_attn_c_proj.clone();
     |

error[E0609]: no field `h_12_mlp_c_fc_bias` on type `&ChatterboxT3`
    --> crates\pycandle\tests\../src/generated_chatterbox_t3.rs:1552:39
     |
1552 |         let h_12_mlp_c_fc_bias = self.h_12_mlp_c_fc_bias.clone();
     |                                       ^^^^^^^^^^^^^^^^^^ unknown field
     |
help: a field with a similar name exists
     |
1552 -         let h_12_mlp_c_fc_bias = self.h_12_mlp_c_fc_bias.clone();
1552 +         let h_12_mlp_c_fc_bias = self.h_12_mlp_c_fc.clone();
     |

error[E0609]: no field `h_12_mlp_c_fc_weight` on type `&ChatterboxT3`
    --> crates\pycandle\tests\../src/generated_chatterbox_t3.rs:1555:41
     |
1555 |         let h_12_mlp_c_fc_weight = self.h_12_mlp_c_fc_weight.clone();
     |                                         ^^^^^^^^^^^^^^^^^^^^ unknown field
     |
     = note: available fields are: `drop`, `h_0_attn_c_attn`, `h_0_attn_c_proj`, `h_0_attn_resid_dropout`, `h_0_ln_1` ... and 95 others

error[E0609]: no field `h_12_mlp_c_proj_bias` on type `&ChatterboxT3`
    --> crates\pycandle\tests\../src/generated_chatterbox_t3.rs:1569:41
     |
1569 |         let h_12_mlp_c_proj_bias = self.h_12_mlp_c_proj_bias.clone();
     |                                         ^^^^^^^^^^^^^^^^^^^^ unknown field
     |
help: a field with a similar name exists
     |
1569 -         let h_12_mlp_c_proj_bias = self.h_12_mlp_c_proj_bias.clone();
1569 +         let h_12_mlp_c_proj_bias = self.h_12_mlp_c_proj.clone();
     |

error[E0609]: no field `h_12_mlp_c_proj_weight` on type `&ChatterboxT3`
    --> crates\pycandle\tests\../src/generated_chatterbox_t3.rs:1572:43
     |
1572 |         let h_12_mlp_c_proj_weight = self.h_12_mlp_c_proj_weight.clone();
     |                                           ^^^^^^^^^^^^^^^^^^^^^^ unknown field
     |
help: a field with a similar name exists
     |
1572 -         let h_12_mlp_c_proj_weight = self.h_12_mlp_c_proj_weight.clone();
1572 +         let h_12_mlp_c_proj_weight = self.h_12_mlp_c_proj.clone();
     |

error[E0609]: no field `h_13_attn_c_attn_bias` on type `&ChatterboxT3`
    --> crates\pycandle\tests\../src/generated_chatterbox_t3.rs:1587:42
     |
1587 |         let h_13_attn_c_attn_bias = self.h_13_attn_c_attn_bias.clone();
     |                                          ^^^^^^^^^^^^^^^^^^^^^ unknown field
     |
help: a field with a similar name exists
     |
1587 -         let h_13_attn_c_attn_bias = self.h_13_attn_c_attn_bias.clone();
1587 +         let h_13_attn_c_attn_bias = self.h_13_attn_c_attn.clone();
     |

error[E0609]: no field `h_13_attn_c_attn_weight` on type `&ChatterboxT3`
    --> crates\pycandle\tests\../src/generated_chatterbox_t3.rs:1590:44
     |
1590 |         let h_13_attn_c_attn_weight = self.h_13_attn_c_attn_weight.clone();
     |                                            ^^^^^^^^^^^^^^^^^^^^^^^ unknown field
     |
help: a field with a similar name exists
     |
1590 -         let h_13_attn_c_attn_weight = self.h_13_attn_c_attn_weight.clone();
1590 +         let h_13_attn_c_attn_weight = self.h_13_attn_c_attn.clone();
     |

error[E0599]: no method named `split` found for struct `candle_core::Tensor` in the current scope
    --> crates\pycandle\tests\../src/generated_chatterbox_t3.rs:1593:33
     |
1593 |         let split_13 = view_159.split(1024, 1)?;
     |                                 ^^^^^ method not found in `candle_core::Tensor`

error[E0308]: arguments to this function are incorrect
    --> crates\pycandle\tests\../src/generated_chatterbox_t3.rs:1612:47
     |
1612 | ...on_13 = pycandle_core::ops::scaled_dot_product_attention(permute_39, permute_40, permute_41, None, 0.0, false, None)?;
     |            ^^^^^^^^^^^^^^^^^^^^^^^^^^^^^^^^^^^^^^^^^^^^^^^^ ----------  ----------  ---------- expected `&Tensor`, found `Tensor`
     |                                                             |           |
     |                                                             |           expected `&Tensor`, found `Tensor`
     |                                                             expected `&Tensor`, found `Tensor`
     |
note: function defined here
    --> D:\pycandle\crates\pycandle-core\src\ops.rs:20:8
     |
  20 | pub fn scaled_dot_product_attention(
     |        ^^^^^^^^^^^^^^^^^^^^^^^^^^^^
help: consider borrowing here
     |
1612 |         let scaled_dot_product_attention_13 = pycandle_core::ops::scaled_dot_product_attention(&permute_39, permute_40, permute_41, None, 0.0, false, None)?;
     |                                                                                                +
help: consider borrowing here
     |
1612 |         let scaled_dot_product_attention_13 = pycandle_core::ops::scaled_dot_product_attention(permute_39, &permute_40, permute_41, None, 0.0, false, None)?;
     |                                                                                                            +
help: consider borrowing here
     |
1612 |         let scaled_dot_product_attention_13 = pycandle_core::ops::scaled_dot_product_attention(permute_39, permute_40, &permute_41, None, 0.0, false, None)?;
     |                                                                                                                        +

error[E0609]: no field `h_13_attn_c_proj_bias` on type `&ChatterboxT3`
    --> crates\pycandle\tests\../src/generated_chatterbox_t3.rs:1619:42
     |
1619 |         let h_13_attn_c_proj_bias = self.h_13_attn_c_proj_bias.clone();
     |                                          ^^^^^^^^^^^^^^^^^^^^^ unknown field
     |
help: a field with a similar name exists
     |
1619 -         let h_13_attn_c_proj_bias = self.h_13_attn_c_proj_bias.clone();
1619 +         let h_13_attn_c_proj_bias = self.h_13_attn_c_proj.clone();
     |

error[E0609]: no field `h_13_attn_c_proj_weight` on type `&ChatterboxT3`
    --> crates\pycandle\tests\../src/generated_chatterbox_t3.rs:1622:44
     |
1622 |         let h_13_attn_c_proj_weight = self.h_13_attn_c_proj_weight.clone();
     |                                            ^^^^^^^^^^^^^^^^^^^^^^^ unknown field
     |
help: a field with a similar name exists
     |
1622 -         let h_13_attn_c_proj_weight = self.h_13_attn_c_proj_weight.clone();
1622 +         let h_13_attn_c_proj_weight = self.h_13_attn_c_proj.clone();
     |

error[E0609]: no field `h_13_mlp_c_fc_bias` on type `&ChatterboxT3`
    --> crates\pycandle\tests\../src/generated_chatterbox_t3.rs:1633:39
     |
1633 |         let h_13_mlp_c_fc_bias = self.h_13_mlp_c_fc_bias.clone();
     |                                       ^^^^^^^^^^^^^^^^^^ unknown field
     |
help: a field with a similar name exists
     |
1633 -         let h_13_mlp_c_fc_bias = self.h_13_mlp_c_fc_bias.clone();
1633 +         let h_13_mlp_c_fc_bias = self.h_13_mlp_c_fc.clone();
     |

error[E0609]: no field `h_13_mlp_c_fc_weight` on type `&ChatterboxT3`
    --> crates\pycandle\tests\../src/generated_chatterbox_t3.rs:1636:41
     |
1636 |         let h_13_mlp_c_fc_weight = self.h_13_mlp_c_fc_weight.clone();
     |                                         ^^^^^^^^^^^^^^^^^^^^ unknown field
     |
     = note: available fields are: `drop`, `h_0_attn_c_attn`, `h_0_attn_c_proj`, `h_0_attn_resid_dropout`, `h_0_ln_1` ... and 95 others

error[E0609]: no field `h_13_mlp_c_proj_bias` on type `&ChatterboxT3`
    --> crates\pycandle\tests\../src/generated_chatterbox_t3.rs:1650:41
     |
1650 |         let h_13_mlp_c_proj_bias = self.h_13_mlp_c_proj_bias.clone();
     |                                         ^^^^^^^^^^^^^^^^^^^^ unknown field
     |
help: a field with a similar name exists
     |
1650 -         let h_13_mlp_c_proj_bias = self.h_13_mlp_c_proj_bias.clone();
1650 +         let h_13_mlp_c_proj_bias = self.h_13_mlp_c_proj.clone();
     |

error[E0609]: no field `h_13_mlp_c_proj_weight` on type `&ChatterboxT3`
    --> crates\pycandle\tests\../src/generated_chatterbox_t3.rs:1653:43
     |
1653 |         let h_13_mlp_c_proj_weight = self.h_13_mlp_c_proj_weight.clone();
     |                                           ^^^^^^^^^^^^^^^^^^^^^^ unknown field
     |
help: a field with a similar name exists
     |
1653 -         let h_13_mlp_c_proj_weight = self.h_13_mlp_c_proj_weight.clone();
1653 +         let h_13_mlp_c_proj_weight = self.h_13_mlp_c_proj.clone();
     |

error[E0609]: no field `h_14_attn_c_attn_bias` on type `&ChatterboxT3`
    --> crates\pycandle\tests\../src/generated_chatterbox_t3.rs:1668:42
     |
1668 |         let h_14_attn_c_attn_bias = self.h_14_attn_c_attn_bias.clone();
     |                                          ^^^^^^^^^^^^^^^^^^^^^ unknown field
     |
help: a field with a similar name exists
     |
1668 -         let h_14_attn_c_attn_bias = self.h_14_attn_c_attn_bias.clone();
1668 +         let h_14_attn_c_attn_bias = self.h_14_attn_c_attn.clone();
     |

error[E0609]: no field `h_14_attn_c_attn_weight` on type `&ChatterboxT3`
    --> crates\pycandle\tests\../src/generated_chatterbox_t3.rs:1671:44
     |
1671 |         let h_14_attn_c_attn_weight = self.h_14_attn_c_attn_weight.clone();
     |                                            ^^^^^^^^^^^^^^^^^^^^^^^ unknown field
     |
help: a field with a similar name exists
     |
1671 -         let h_14_attn_c_attn_weight = self.h_14_attn_c_attn_weight.clone();
1671 +         let h_14_attn_c_attn_weight = self.h_14_attn_c_attn.clone();
     |

error[E0599]: no method named `split` found for struct `candle_core::Tensor` in the current scope
    --> crates\pycandle\tests\../src/generated_chatterbox_t3.rs:1674:33
     |
1674 |         let split_14 = view_171.split(1024, 1)?;
     |                                 ^^^^^ method not found in `candle_core::Tensor`

error[E0308]: arguments to this function are incorrect
    --> crates\pycandle\tests\../src/generated_chatterbox_t3.rs:1693:47
     |
1693 | ...on_14 = pycandle_core::ops::scaled_dot_product_attention(permute_42, permute_43, permute_44, None, 0.0, false, None)?;
     |            ^^^^^^^^^^^^^^^^^^^^^^^^^^^^^^^^^^^^^^^^^^^^^^^^ ----------  ----------  ---------- expected `&Tensor`, found `Tensor`
     |                                                             |           |
     |                                                             |           expected `&Tensor`, found `Tensor`
     |                                                             expected `&Tensor`, found `Tensor`
     |
note: function defined here
    --> D:\pycandle\crates\pycandle-core\src\ops.rs:20:8
     |
  20 | pub fn scaled_dot_product_attention(
     |        ^^^^^^^^^^^^^^^^^^^^^^^^^^^^
help: consider borrowing here
     |
1693 |         let scaled_dot_product_attention_14 = pycandle_core::ops::scaled_dot_product_attention(&permute_42, permute_43, permute_44, None, 0.0, false, None)?;
     |                                                                                                +
help: consider borrowing here
     |
1693 |         let scaled_dot_product_attention_14 = pycandle_core::ops::scaled_dot_product_attention(permute_42, &permute_43, permute_44, None, 0.0, false, None)?;
     |                                                                                                            +
help: consider borrowing here
     |
1693 |         let scaled_dot_product_attention_14 = pycandle_core::ops::scaled_dot_product_attention(permute_42, permute_43, &permute_44, None, 0.0, false, None)?;
     |                                                                                                                        +

error[E0609]: no field `h_14_attn_c_proj_bias` on type `&ChatterboxT3`
    --> crates\pycandle\tests\../src/generated_chatterbox_t3.rs:1700:42
     |
1700 |         let h_14_attn_c_proj_bias = self.h_14_attn_c_proj_bias.clone();
     |                                          ^^^^^^^^^^^^^^^^^^^^^ unknown field
     |
help: a field with a similar name exists
     |
1700 -         let h_14_attn_c_proj_bias = self.h_14_attn_c_proj_bias.clone();
1700 +         let h_14_attn_c_proj_bias = self.h_14_attn_c_proj.clone();
     |

error[E0609]: no field `h_14_attn_c_proj_weight` on type `&ChatterboxT3`
    --> crates\pycandle\tests\../src/generated_chatterbox_t3.rs:1703:44
     |
1703 |         let h_14_attn_c_proj_weight = self.h_14_attn_c_proj_weight.clone();
     |                                            ^^^^^^^^^^^^^^^^^^^^^^^ unknown field
     |
help: a field with a similar name exists
     |
1703 -         let h_14_attn_c_proj_weight = self.h_14_attn_c_proj_weight.clone();
1703 +         let h_14_attn_c_proj_weight = self.h_14_attn_c_proj.clone();
     |

error[E0609]: no field `h_14_mlp_c_fc_bias` on type `&ChatterboxT3`
    --> crates\pycandle\tests\../src/generated_chatterbox_t3.rs:1714:39
     |
1714 |         let h_14_mlp_c_fc_bias = self.h_14_mlp_c_fc_bias.clone();
     |                                       ^^^^^^^^^^^^^^^^^^ unknown field
     |
help: a field with a similar name exists
     |
1714 -         let h_14_mlp_c_fc_bias = self.h_14_mlp_c_fc_bias.clone();
1714 +         let h_14_mlp_c_fc_bias = self.h_14_mlp_c_fc.clone();
     |

error[E0609]: no field `h_14_mlp_c_fc_weight` on type `&ChatterboxT3`
    --> crates\pycandle\tests\../src/generated_chatterbox_t3.rs:1717:41
     |
1717 |         let h_14_mlp_c_fc_weight = self.h_14_mlp_c_fc_weight.clone();
     |                                         ^^^^^^^^^^^^^^^^^^^^ unknown field
     |
     = note: available fields are: `drop`, `h_0_attn_c_attn`, `h_0_attn_c_proj`, `h_0_attn_resid_dropout`, `h_0_ln_1` ... and 95 others

error[E0609]: no field `h_14_mlp_c_proj_bias` on type `&ChatterboxT3`
    --> crates\pycandle\tests\../src/generated_chatterbox_t3.rs:1731:41
     |
1731 |         let h_14_mlp_c_proj_bias = self.h_14_mlp_c_proj_bias.clone();
     |                                         ^^^^^^^^^^^^^^^^^^^^ unknown field
     |
help: a field with a similar name exists
     |
1731 -         let h_14_mlp_c_proj_bias = self.h_14_mlp_c_proj_bias.clone();
1731 +         let h_14_mlp_c_proj_bias = self.h_14_mlp_c_proj.clone();
     |

error[E0609]: no field `h_14_mlp_c_proj_weight` on type `&ChatterboxT3`
    --> crates\pycandle\tests\../src/generated_chatterbox_t3.rs:1734:43
     |
1734 |         let h_14_mlp_c_proj_weight = self.h_14_mlp_c_proj_weight.clone();
     |                                           ^^^^^^^^^^^^^^^^^^^^^^ unknown field
     |
help: a field with a similar name exists
     |
1734 -         let h_14_mlp_c_proj_weight = self.h_14_mlp_c_proj_weight.clone();
1734 +         let h_14_mlp_c_proj_weight = self.h_14_mlp_c_proj.clone();
     |

error[E0609]: no field `h_15_attn_c_attn_bias` on type `&ChatterboxT3`
    --> crates\pycandle\tests\../src/generated_chatterbox_t3.rs:1749:42
     |
1749 |         let h_15_attn_c_attn_bias = self.h_15_attn_c_attn_bias.clone();
     |                                          ^^^^^^^^^^^^^^^^^^^^^ unknown field
     |
help: a field with a similar name exists
     |
1749 -         let h_15_attn_c_attn_bias = self.h_15_attn_c_attn_bias.clone();
1749 +         let h_15_attn_c_attn_bias = self.h_15_attn_c_attn.clone();
     |

error[E0609]: no field `h_15_attn_c_attn_weight` on type `&ChatterboxT3`
    --> crates\pycandle\tests\../src/generated_chatterbox_t3.rs:1752:44
     |
1752 |         let h_15_attn_c_attn_weight = self.h_15_attn_c_attn_weight.clone();
     |                                            ^^^^^^^^^^^^^^^^^^^^^^^ unknown field
     |
help: a field with a similar name exists
     |
1752 -         let h_15_attn_c_attn_weight = self.h_15_attn_c_attn_weight.clone();
1752 +         let h_15_attn_c_attn_weight = self.h_15_attn_c_attn.clone();
     |

error[E0599]: no method named `split` found for struct `candle_core::Tensor` in the current scope
    --> crates\pycandle\tests\../src/generated_chatterbox_t3.rs:1755:33
     |
1755 |         let split_15 = view_183.split(1024, 1)?;
     |                                 ^^^^^ method not found in `candle_core::Tensor`

error[E0308]: arguments to this function are incorrect
    --> crates\pycandle\tests\../src/generated_chatterbox_t3.rs:1774:47
     |
1774 | ...on_15 = pycandle_core::ops::scaled_dot_product_attention(permute_45, permute_46, permute_47, None, 0.0, false, None)?;
     |            ^^^^^^^^^^^^^^^^^^^^^^^^^^^^^^^^^^^^^^^^^^^^^^^^ ----------  ----------  ---------- expected `&Tensor`, found `Tensor`
     |                                                             |           |
     |                                                             |           expected `&Tensor`, found `Tensor`
     |                                                             expected `&Tensor`, found `Tensor`
     |
note: function defined here
    --> D:\pycandle\crates\pycandle-core\src\ops.rs:20:8
     |
  20 | pub fn scaled_dot_product_attention(
     |        ^^^^^^^^^^^^^^^^^^^^^^^^^^^^
help: consider borrowing here
     |
1774 |         let scaled_dot_product_attention_15 = pycandle_core::ops::scaled_dot_product_attention(&permute_45, permute_46, permute_47, None, 0.0, false, None)?;
     |                                                                                                +
help: consider borrowing here
     |
1774 |         let scaled_dot_product_attention_15 = pycandle_core::ops::scaled_dot_product_attention(permute_45, &permute_46, permute_47, None, 0.0, false, None)?;
     |                                                                                                            +
help: consider borrowing here
     |
1774 |         let scaled_dot_product_attention_15 = pycandle_core::ops::scaled_dot_product_attention(permute_45, permute_46, &permute_47, None, 0.0, false, None)?;
     |                                                                                                                        +

error[E0609]: no field `h_15_attn_c_proj_bias` on type `&ChatterboxT3`
    --> crates\pycandle\tests\../src/generated_chatterbox_t3.rs:1781:42
     |
1781 |         let h_15_attn_c_proj_bias = self.h_15_attn_c_proj_bias.clone();
     |                                          ^^^^^^^^^^^^^^^^^^^^^ unknown field
     |
help: a field with a similar name exists
     |
1781 -         let h_15_attn_c_proj_bias = self.h_15_attn_c_proj_bias.clone();
1781 +         let h_15_attn_c_proj_bias = self.h_15_attn_c_proj.clone();
     |

error[E0609]: no field `h_15_attn_c_proj_weight` on type `&ChatterboxT3`
    --> crates\pycandle\tests\../src/generated_chatterbox_t3.rs:1784:44
     |
1784 |         let h_15_attn_c_proj_weight = self.h_15_attn_c_proj_weight.clone();
     |                                            ^^^^^^^^^^^^^^^^^^^^^^^ unknown field
     |
help: a field with a similar name exists
     |
1784 -         let h_15_attn_c_proj_weight = self.h_15_attn_c_proj_weight.clone();
1784 +         let h_15_attn_c_proj_weight = self.h_15_attn_c_proj.clone();
     |

error[E0609]: no field `h_15_mlp_c_fc_bias` on type `&ChatterboxT3`
    --> crates\pycandle\tests\../src/generated_chatterbox_t3.rs:1795:39
     |
1795 |         let h_15_mlp_c_fc_bias = self.h_15_mlp_c_fc_bias.clone();
     |                                       ^^^^^^^^^^^^^^^^^^ unknown field
     |
help: a field with a similar name exists
     |
1795 -         let h_15_mlp_c_fc_bias = self.h_15_mlp_c_fc_bias.clone();
1795 +         let h_15_mlp_c_fc_bias = self.h_15_mlp_c_fc.clone();
     |

error[E0609]: no field `h_15_mlp_c_fc_weight` on type `&ChatterboxT3`
    --> crates\pycandle\tests\../src/generated_chatterbox_t3.rs:1798:41
     |
1798 |         let h_15_mlp_c_fc_weight = self.h_15_mlp_c_fc_weight.clone();
     |                                         ^^^^^^^^^^^^^^^^^^^^ unknown field
     |
     = note: available fields are: `drop`, `h_0_attn_c_attn`, `h_0_attn_c_proj`, `h_0_attn_resid_dropout`, `h_0_ln_1` ... and 95 others

error[E0609]: no field `h_15_mlp_c_proj_bias` on type `&ChatterboxT3`
    --> crates\pycandle\tests\../src/generated_chatterbox_t3.rs:1812:41
     |
1812 |         let h_15_mlp_c_proj_bias = self.h_15_mlp_c_proj_bias.clone();
     |                                         ^^^^^^^^^^^^^^^^^^^^ unknown field
     |
help: a field with a similar name exists
     |
1812 -         let h_15_mlp_c_proj_bias = self.h_15_mlp_c_proj_bias.clone();
1812 +         let h_15_mlp_c_proj_bias = self.h_15_mlp_c_proj.clone();
     |

error[E0609]: no field `h_15_mlp_c_proj_weight` on type `&ChatterboxT3`
    --> crates\pycandle\tests\../src/generated_chatterbox_t3.rs:1815:43
     |
1815 |         let h_15_mlp_c_proj_weight = self.h_15_mlp_c_proj_weight.clone();
     |                                           ^^^^^^^^^^^^^^^^^^^^^^ unknown field
     |
help: a field with a similar name exists
     |
1815 -         let h_15_mlp_c_proj_weight = self.h_15_mlp_c_proj_weight.clone();
1815 +         let h_15_mlp_c_proj_weight = self.h_15_mlp_c_proj.clone();
     |

error[E0609]: no field `h_16_attn_c_attn_bias` on type `&ChatterboxT3`
    --> crates\pycandle\tests\../src/generated_chatterbox_t3.rs:1830:42
     |
1830 |         let h_16_attn_c_attn_bias = self.h_16_attn_c_attn_bias.clone();
     |                                          ^^^^^^^^^^^^^^^^^^^^^ unknown field
     |
help: a field with a similar name exists
     |
1830 -         let h_16_attn_c_attn_bias = self.h_16_attn_c_attn_bias.clone();
1830 +         let h_16_attn_c_attn_bias = self.h_16_attn_c_attn.clone();
     |

error[E0609]: no field `h_16_attn_c_attn_weight` on type `&ChatterboxT3`
    --> crates\pycandle\tests\../src/generated_chatterbox_t3.rs:1833:44
     |
1833 |         let h_16_attn_c_attn_weight = self.h_16_attn_c_attn_weight.clone();
     |                                            ^^^^^^^^^^^^^^^^^^^^^^^ unknown field
     |
help: a field with a similar name exists
     |
1833 -         let h_16_attn_c_attn_weight = self.h_16_attn_c_attn_weight.clone();
1833 +         let h_16_attn_c_attn_weight = self.h_16_attn_c_attn.clone();
     |

error[E0599]: no method named `split` found for struct `candle_core::Tensor` in the current scope
    --> crates\pycandle\tests\../src/generated_chatterbox_t3.rs:1836:33
     |
1836 |         let split_16 = view_195.split(1024, 1)?;
     |                                 ^^^^^ method not found in `candle_core::Tensor`

error[E0308]: arguments to this function are incorrect
    --> crates\pycandle\tests\../src/generated_chatterbox_t3.rs:1855:47
     |
1855 | ...on_16 = pycandle_core::ops::scaled_dot_product_attention(permute_48, permute_49, permute_50, None, 0.0, false, None)?;
     |            ^^^^^^^^^^^^^^^^^^^^^^^^^^^^^^^^^^^^^^^^^^^^^^^^ ----------  ----------  ---------- expected `&Tensor`, found `Tensor`
     |                                                             |           |
     |                                                             |           expected `&Tensor`, found `Tensor`
     |                                                             expected `&Tensor`, found `Tensor`
     |
note: function defined here
    --> D:\pycandle\crates\pycandle-core\src\ops.rs:20:8
     |
  20 | pub fn scaled_dot_product_attention(
     |        ^^^^^^^^^^^^^^^^^^^^^^^^^^^^
help: consider borrowing here
     |
1855 |         let scaled_dot_product_attention_16 = pycandle_core::ops::scaled_dot_product_attention(&permute_48, permute_49, permute_50, None, 0.0, false, None)?;
     |                                                                                                +
help: consider borrowing here
     |
1855 |         let scaled_dot_product_attention_16 = pycandle_core::ops::scaled_dot_product_attention(permute_48, &permute_49, permute_50, None, 0.0, false, None)?;
     |                                                                                                            +
help: consider borrowing here
     |
1855 |         let scaled_dot_product_attention_16 = pycandle_core::ops::scaled_dot_product_attention(permute_48, permute_49, &permute_50, None, 0.0, false, None)?;
     |                                                                                                                        +

error[E0609]: no field `h_16_attn_c_proj_bias` on type `&ChatterboxT3`
    --> crates\pycandle\tests\../src/generated_chatterbox_t3.rs:1862:42
     |
1862 |         let h_16_attn_c_proj_bias = self.h_16_attn_c_proj_bias.clone();
     |                                          ^^^^^^^^^^^^^^^^^^^^^ unknown field
     |
help: a field with a similar name exists
     |
1862 -         let h_16_attn_c_proj_bias = self.h_16_attn_c_proj_bias.clone();
1862 +         let h_16_attn_c_proj_bias = self.h_16_attn_c_proj.clone();
     |

error[E0609]: no field `h_16_attn_c_proj_weight` on type `&ChatterboxT3`
    --> crates\pycandle\tests\../src/generated_chatterbox_t3.rs:1865:44
     |
1865 |         let h_16_attn_c_proj_weight = self.h_16_attn_c_proj_weight.clone();
     |                                            ^^^^^^^^^^^^^^^^^^^^^^^ unknown field
     |
help: a field with a similar name exists
     |
1865 -         let h_16_attn_c_proj_weight = self.h_16_attn_c_proj_weight.clone();
1865 +         let h_16_attn_c_proj_weight = self.h_16_attn_c_proj.clone();
     |

error[E0609]: no field `h_16_mlp_c_fc_bias` on type `&ChatterboxT3`
    --> crates\pycandle\tests\../src/generated_chatterbox_t3.rs:1876:39
     |
1876 |         let h_16_mlp_c_fc_bias = self.h_16_mlp_c_fc_bias.clone();
     |                                       ^^^^^^^^^^^^^^^^^^ unknown field
     |
help: a field with a similar name exists
     |
1876 -         let h_16_mlp_c_fc_bias = self.h_16_mlp_c_fc_bias.clone();
1876 +         let h_16_mlp_c_fc_bias = self.h_16_mlp_c_fc.clone();
     |

error[E0609]: no field `h_16_mlp_c_fc_weight` on type `&ChatterboxT3`
    --> crates\pycandle\tests\../src/generated_chatterbox_t3.rs:1879:41
     |
1879 |         let h_16_mlp_c_fc_weight = self.h_16_mlp_c_fc_weight.clone();
     |                                         ^^^^^^^^^^^^^^^^^^^^ unknown field
     |
     = note: available fields are: `drop`, `h_0_attn_c_attn`, `h_0_attn_c_proj`, `h_0_attn_resid_dropout`, `h_0_ln_1` ... and 95 others

error[E0609]: no field `h_16_mlp_c_proj_bias` on type `&ChatterboxT3`
    --> crates\pycandle\tests\../src/generated_chatterbox_t3.rs:1893:41
     |
1893 |         let h_16_mlp_c_proj_bias = self.h_16_mlp_c_proj_bias.clone();
     |                                         ^^^^^^^^^^^^^^^^^^^^ unknown field
     |
help: a field with a similar name exists
     |
1893 -         let h_16_mlp_c_proj_bias = self.h_16_mlp_c_proj_bias.clone();
1893 +         let h_16_mlp_c_proj_bias = self.h_16_mlp_c_proj.clone();
     |

error[E0609]: no field `h_16_mlp_c_proj_weight` on type `&ChatterboxT3`
    --> crates\pycandle\tests\../src/generated_chatterbox_t3.rs:1896:43
     |
1896 |         let h_16_mlp_c_proj_weight = self.h_16_mlp_c_proj_weight.clone();
     |                                           ^^^^^^^^^^^^^^^^^^^^^^ unknown field
     |
help: a field with a similar name exists
     |
1896 -         let h_16_mlp_c_proj_weight = self.h_16_mlp_c_proj_weight.clone();
1896 +         let h_16_mlp_c_proj_weight = self.h_16_mlp_c_proj.clone();
     |

error[E0609]: no field `h_17_attn_c_attn_bias` on type `&ChatterboxT3`
    --> crates\pycandle\tests\../src/generated_chatterbox_t3.rs:1911:42
     |
1911 |         let h_17_attn_c_attn_bias = self.h_17_attn_c_attn_bias.clone();
     |                                          ^^^^^^^^^^^^^^^^^^^^^ unknown field
     |
help: a field with a similar name exists
     |
1911 -         let h_17_attn_c_attn_bias = self.h_17_attn_c_attn_bias.clone();
1911 +         let h_17_attn_c_attn_bias = self.h_17_attn_c_attn.clone();
     |

error[E0609]: no field `h_17_attn_c_attn_weight` on type `&ChatterboxT3`
    --> crates\pycandle\tests\../src/generated_chatterbox_t3.rs:1914:44
     |
1914 |         let h_17_attn_c_attn_weight = self.h_17_attn_c_attn_weight.clone();
     |                                            ^^^^^^^^^^^^^^^^^^^^^^^ unknown field
     |
help: a field with a similar name exists
     |
1914 -         let h_17_attn_c_attn_weight = self.h_17_attn_c_attn_weight.clone();
1914 +         let h_17_attn_c_attn_weight = self.h_17_attn_c_attn.clone();
     |

error[E0599]: no method named `split` found for struct `candle_core::Tensor` in the current scope
    --> crates\pycandle\tests\../src/generated_chatterbox_t3.rs:1917:33
     |
1917 |         let split_17 = view_207.split(1024, 1)?;
     |                                 ^^^^^ method not found in `candle_core::Tensor`

error[E0308]: arguments to this function are incorrect
    --> crates\pycandle\tests\../src/generated_chatterbox_t3.rs:1936:47
     |
1936 | ...on_17 = pycandle_core::ops::scaled_dot_product_attention(permute_51, permute_52, permute_53, None, 0.0, false, None)?;
     |            ^^^^^^^^^^^^^^^^^^^^^^^^^^^^^^^^^^^^^^^^^^^^^^^^ ----------  ----------  ---------- expected `&Tensor`, found `Tensor`
     |                                                             |           |
     |                                                             |           expected `&Tensor`, found `Tensor`
     |                                                             expected `&Tensor`, found `Tensor`
     |
note: function defined here
    --> D:\pycandle\crates\pycandle-core\src\ops.rs:20:8
     |
  20 | pub fn scaled_dot_product_attention(
     |        ^^^^^^^^^^^^^^^^^^^^^^^^^^^^
help: consider borrowing here
     |
1936 |         let scaled_dot_product_attention_17 = pycandle_core::ops::scaled_dot_product_attention(&permute_51, permute_52, permute_53, None, 0.0, false, None)?;
     |                                                                                                +
help: consider borrowing here
     |
1936 |         let scaled_dot_product_attention_17 = pycandle_core::ops::scaled_dot_product_attention(permute_51, &permute_52, permute_53, None, 0.0, false, None)?;
     |                                                                                                            +
help: consider borrowing here
     |
1936 |         let scaled_dot_product_attention_17 = pycandle_core::ops::scaled_dot_product_attention(permute_51, permute_52, &permute_53, None, 0.0, false, None)?;
     |                                                                                                                        +

error[E0609]: no field `h_17_attn_c_proj_bias` on type `&ChatterboxT3`
    --> crates\pycandle\tests\../src/generated_chatterbox_t3.rs:1943:42
     |
1943 |         let h_17_attn_c_proj_bias = self.h_17_attn_c_proj_bias.clone();
     |                                          ^^^^^^^^^^^^^^^^^^^^^ unknown field
     |
help: a field with a similar name exists
     |
1943 -         let h_17_attn_c_proj_bias = self.h_17_attn_c_proj_bias.clone();
1943 +         let h_17_attn_c_proj_bias = self.h_17_attn_c_proj.clone();
     |

error[E0609]: no field `h_17_attn_c_proj_weight` on type `&ChatterboxT3`
    --> crates\pycandle\tests\../src/generated_chatterbox_t3.rs:1946:44
     |
1946 |         let h_17_attn_c_proj_weight = self.h_17_attn_c_proj_weight.clone();
     |                                            ^^^^^^^^^^^^^^^^^^^^^^^ unknown field
     |
help: a field with a similar name exists
     |
1946 -         let h_17_attn_c_proj_weight = self.h_17_attn_c_proj_weight.clone();
1946 +         let h_17_attn_c_proj_weight = self.h_17_attn_c_proj.clone();
     |

error[E0609]: no field `h_17_mlp_c_fc_bias` on type `&ChatterboxT3`
    --> crates\pycandle\tests\../src/generated_chatterbox_t3.rs:1957:39
     |
1957 |         let h_17_mlp_c_fc_bias = self.h_17_mlp_c_fc_bias.clone();
     |                                       ^^^^^^^^^^^^^^^^^^ unknown field
     |
help: a field with a similar name exists
     |
1957 -         let h_17_mlp_c_fc_bias = self.h_17_mlp_c_fc_bias.clone();
1957 +         let h_17_mlp_c_fc_bias = self.h_17_mlp_c_fc.clone();
     |

error[E0609]: no field `h_17_mlp_c_fc_weight` on type `&ChatterboxT3`
    --> crates\pycandle\tests\../src/generated_chatterbox_t3.rs:1960:41
     |
1960 |         let h_17_mlp_c_fc_weight = self.h_17_mlp_c_fc_weight.clone();
     |                                         ^^^^^^^^^^^^^^^^^^^^ unknown field
     |
     = note: available fields are: `drop`, `h_0_attn_c_attn`, `h_0_attn_c_proj`, `h_0_attn_resid_dropout`, `h_0_ln_1` ... and 95 others

error[E0609]: no field `h_17_mlp_c_proj_bias` on type `&ChatterboxT3`
    --> crates\pycandle\tests\../src/generated_chatterbox_t3.rs:1974:41
     |
1974 |         let h_17_mlp_c_proj_bias = self.h_17_mlp_c_proj_bias.clone();
     |                                         ^^^^^^^^^^^^^^^^^^^^ unknown field
     |
help: a field with a similar name exists
     |
1974 -         let h_17_mlp_c_proj_bias = self.h_17_mlp_c_proj_bias.clone();
1974 +         let h_17_mlp_c_proj_bias = self.h_17_mlp_c_proj.clone();
     |

error[E0609]: no field `h_17_mlp_c_proj_weight` on type `&ChatterboxT3`
    --> crates\pycandle\tests\../src/generated_chatterbox_t3.rs:1977:43
     |
1977 |         let h_17_mlp_c_proj_weight = self.h_17_mlp_c_proj_weight.clone();
     |                                           ^^^^^^^^^^^^^^^^^^^^^^ unknown field
     |
help: a field with a similar name exists
     |
1977 -         let h_17_mlp_c_proj_weight = self.h_17_mlp_c_proj_weight.clone();
1977 +         let h_17_mlp_c_proj_weight = self.h_17_mlp_c_proj.clone();
     |

error[E0609]: no field `h_18_attn_c_attn_bias` on type `&ChatterboxT3`
    --> crates\pycandle\tests\../src/generated_chatterbox_t3.rs:1992:42
     |
1992 |         let h_18_attn_c_attn_bias = self.h_18_attn_c_attn_bias.clone();
     |                                          ^^^^^^^^^^^^^^^^^^^^^ unknown field
     |
help: a field with a similar name exists
     |
1992 -         let h_18_attn_c_attn_bias = self.h_18_attn_c_attn_bias.clone();
1992 +         let h_18_attn_c_attn_bias = self.h_18_attn_c_attn.clone();
     |

error[E0609]: no field `h_18_attn_c_attn_weight` on type `&ChatterboxT3`
    --> crates\pycandle\tests\../src/generated_chatterbox_t3.rs:1995:44
     |
1995 |         let h_18_attn_c_attn_weight = self.h_18_attn_c_attn_weight.clone();
     |                                            ^^^^^^^^^^^^^^^^^^^^^^^ unknown field
     |
help: a field with a similar name exists
     |
1995 -         let h_18_attn_c_attn_weight = self.h_18_attn_c_attn_weight.clone();
1995 +         let h_18_attn_c_attn_weight = self.h_18_attn_c_attn.clone();
     |

error[E0599]: no method named `split` found for struct `candle_core::Tensor` in the current scope
    --> crates\pycandle\tests\../src/generated_chatterbox_t3.rs:1998:33
     |
1998 |         let split_18 = view_219.split(1024, 1)?;
     |                                 ^^^^^ method not found in `candle_core::Tensor`

error[E0308]: arguments to this function are incorrect
    --> crates\pycandle\tests\../src/generated_chatterbox_t3.rs:2017:47
     |
2017 | ...on_18 = pycandle_core::ops::scaled_dot_product_attention(permute_54, permute_55, permute_56, None, 0.0, false, None)?;
     |            ^^^^^^^^^^^^^^^^^^^^^^^^^^^^^^^^^^^^^^^^^^^^^^^^ ----------  ----------  ---------- expected `&Tensor`, found `Tensor`
     |                                                             |           |
     |                                                             |           expected `&Tensor`, found `Tensor`
     |                                                             expected `&Tensor`, found `Tensor`
     |
note: function defined here
    --> D:\pycandle\crates\pycandle-core\src\ops.rs:20:8
     |
  20 | pub fn scaled_dot_product_attention(
     |        ^^^^^^^^^^^^^^^^^^^^^^^^^^^^
help: consider borrowing here
     |
2017 |         let scaled_dot_product_attention_18 = pycandle_core::ops::scaled_dot_product_attention(&permute_54, permute_55, permute_56, None, 0.0, false, None)?;
     |                                                                                                +
help: consider borrowing here
     |
2017 |         let scaled_dot_product_attention_18 = pycandle_core::ops::scaled_dot_product_attention(permute_54, &permute_55, permute_56, None, 0.0, false, None)?;
     |                                                                                                            +
help: consider borrowing here
     |
2017 |         let scaled_dot_product_attention_18 = pycandle_core::ops::scaled_dot_product_attention(permute_54, permute_55, &permute_56, None, 0.0, false, None)?;
     |                                                                                                                        +

error[E0609]: no field `h_18_attn_c_proj_bias` on type `&ChatterboxT3`
    --> crates\pycandle\tests\../src/generated_chatterbox_t3.rs:2024:42
     |
2024 |         let h_18_attn_c_proj_bias = self.h_18_attn_c_proj_bias.clone();
     |                                          ^^^^^^^^^^^^^^^^^^^^^ unknown field
     |
help: a field with a similar name exists
     |
2024 -         let h_18_attn_c_proj_bias = self.h_18_attn_c_proj_bias.clone();
2024 +         let h_18_attn_c_proj_bias = self.h_18_attn_c_proj.clone();
     |

error[E0609]: no field `h_18_attn_c_proj_weight` on type `&ChatterboxT3`
    --> crates\pycandle\tests\../src/generated_chatterbox_t3.rs:2027:44
     |
2027 |         let h_18_attn_c_proj_weight = self.h_18_attn_c_proj_weight.clone();
     |                                            ^^^^^^^^^^^^^^^^^^^^^^^ unknown field
     |
help: a field with a similar name exists
     |
2027 -         let h_18_attn_c_proj_weight = self.h_18_attn_c_proj_weight.clone();
2027 +         let h_18_attn_c_proj_weight = self.h_18_attn_c_proj.clone();
     |

error[E0609]: no field `h_18_mlp_c_fc_bias` on type `&ChatterboxT3`
    --> crates\pycandle\tests\../src/generated_chatterbox_t3.rs:2038:39
     |
2038 |         let h_18_mlp_c_fc_bias = self.h_18_mlp_c_fc_bias.clone();
     |                                       ^^^^^^^^^^^^^^^^^^ unknown field
     |
help: a field with a similar name exists
     |
2038 -         let h_18_mlp_c_fc_bias = self.h_18_mlp_c_fc_bias.clone();
2038 +         let h_18_mlp_c_fc_bias = self.h_18_mlp_c_fc.clone();
     |

error[E0609]: no field `h_18_mlp_c_fc_weight` on type `&ChatterboxT3`
    --> crates\pycandle\tests\../src/generated_chatterbox_t3.rs:2041:41
     |
2041 |         let h_18_mlp_c_fc_weight = self.h_18_mlp_c_fc_weight.clone();
     |                                         ^^^^^^^^^^^^^^^^^^^^ unknown field
     |
     = note: available fields are: `drop`, `h_0_attn_c_attn`, `h_0_attn_c_proj`, `h_0_attn_resid_dropout`, `h_0_ln_1` ... and 95 others

error[E0609]: no field `h_18_mlp_c_proj_bias` on type `&ChatterboxT3`
    --> crates\pycandle\tests\../src/generated_chatterbox_t3.rs:2055:41
     |
2055 |         let h_18_mlp_c_proj_bias = self.h_18_mlp_c_proj_bias.clone();
     |                                         ^^^^^^^^^^^^^^^^^^^^ unknown field
     |
help: a field with a similar name exists
     |
2055 -         let h_18_mlp_c_proj_bias = self.h_18_mlp_c_proj_bias.clone();
2055 +         let h_18_mlp_c_proj_bias = self.h_18_mlp_c_proj.clone();
     |

error[E0609]: no field `h_18_mlp_c_proj_weight` on type `&ChatterboxT3`
    --> crates\pycandle\tests\../src/generated_chatterbox_t3.rs:2058:43
     |
2058 |         let h_18_mlp_c_proj_weight = self.h_18_mlp_c_proj_weight.clone();
     |                                           ^^^^^^^^^^^^^^^^^^^^^^ unknown field
     |
help: a field with a similar name exists
     |
2058 -         let h_18_mlp_c_proj_weight = self.h_18_mlp_c_proj_weight.clone();
2058 +         let h_18_mlp_c_proj_weight = self.h_18_mlp_c_proj.clone();
     |

error[E0609]: no field `h_19_attn_c_attn_bias` on type `&ChatterboxT3`
    --> crates\pycandle\tests\../src/generated_chatterbox_t3.rs:2073:42
     |
2073 |         let h_19_attn_c_attn_bias = self.h_19_attn_c_attn_bias.clone();
     |                                          ^^^^^^^^^^^^^^^^^^^^^ unknown field
     |
help: a field with a similar name exists
     |
2073 -         let h_19_attn_c_attn_bias = self.h_19_attn_c_attn_bias.clone();
2073 +         let h_19_attn_c_attn_bias = self.h_1_attn_c_attn.clone();
     |

error[E0609]: no field `h_19_attn_c_attn_weight` on type `&ChatterboxT3`
    --> crates\pycandle\tests\../src/generated_chatterbox_t3.rs:2076:44
     |
2076 |         let h_19_attn_c_attn_weight = self.h_19_attn_c_attn_weight.clone();
     |                                            ^^^^^^^^^^^^^^^^^^^^^^^ unknown field
     |
     = note: available fields are: `drop`, `h_0_attn_c_attn`, `h_0_attn_c_proj`, `h_0_attn_resid_dropout`, `h_0_ln_1` ... and 95 others

error[E0599]: no method named `split` found for struct `candle_core::Tensor` in the current scope
    --> crates\pycandle\tests\../src/generated_chatterbox_t3.rs:2079:33
     |
2079 |         let split_19 = view_231.split(1024, 1)?;
     |                                 ^^^^^ method not found in `candle_core::Tensor`

error[E0308]: arguments to this function are incorrect
    --> crates\pycandle\tests\../src/generated_chatterbox_t3.rs:2098:47
     |
2098 | ...on_19 = pycandle_core::ops::scaled_dot_product_attention(permute_57, permute_58, permute_59, None, 0.0, false, None)?;
     |            ^^^^^^^^^^^^^^^^^^^^^^^^^^^^^^^^^^^^^^^^^^^^^^^^ ----------  ----------  ---------- expected `&Tensor`, found `Tensor`
     |                                                             |           |
     |                                                             |           expected `&Tensor`, found `Tensor`
     |                                                             expected `&Tensor`, found `Tensor`
     |
note: function defined here
    --> D:\pycandle\crates\pycandle-core\src\ops.rs:20:8
     |
  20 | pub fn scaled_dot_product_attention(
     |        ^^^^^^^^^^^^^^^^^^^^^^^^^^^^
help: consider borrowing here
     |
2098 |         let scaled_dot_product_attention_19 = pycandle_core::ops::scaled_dot_product_attention(&permute_57, permute_58, permute_59, None, 0.0, false, None)?;
     |                                                                                                +
help: consider borrowing here
     |
2098 |         let scaled_dot_product_attention_19 = pycandle_core::ops::scaled_dot_product_attention(permute_57, &permute_58, permute_59, None, 0.0, false, None)?;
     |                                                                                                            +
help: consider borrowing here
     |
2098 |         let scaled_dot_product_attention_19 = pycandle_core::ops::scaled_dot_product_attention(permute_57, permute_58, &permute_59, None, 0.0, false, None)?;
     |                                                                                                                        +

error[E0609]: no field `h_19_attn_c_proj_bias` on type `&ChatterboxT3`
    --> crates\pycandle\tests\../src/generated_chatterbox_t3.rs:2105:42
     |
2105 |         let h_19_attn_c_proj_bias = self.h_19_attn_c_proj_bias.clone();
     |                                          ^^^^^^^^^^^^^^^^^^^^^ unknown field
     |
help: a field with a similar name exists
     |
2105 -         let h_19_attn_c_proj_bias = self.h_19_attn_c_proj_bias.clone();
2105 +         let h_19_attn_c_proj_bias = self.h_1_attn_c_proj.clone();
     |

error[E0609]: no field `h_19_attn_c_proj_weight` on type `&ChatterboxT3`
    --> crates\pycandle\tests\../src/generated_chatterbox_t3.rs:2108:44
     |
2108 |         let h_19_attn_c_proj_weight = self.h_19_attn_c_proj_weight.clone();
     |                                            ^^^^^^^^^^^^^^^^^^^^^^^ unknown field
     |
     = note: available fields are: `drop`, `h_0_attn_c_attn`, `h_0_attn_c_proj`, `h_0_attn_resid_dropout`, `h_0_ln_1` ... and 95 others

error[E0609]: no field `h_19_mlp_c_fc_bias` on type `&ChatterboxT3`
    --> crates\pycandle\tests\../src/generated_chatterbox_t3.rs:2119:39
     |
2119 |         let h_19_mlp_c_fc_bias = self.h_19_mlp_c_fc_bias.clone();
     |                                       ^^^^^^^^^^^^^^^^^^ unknown field
     |
help: a field with a similar name exists
     |
2119 -         let h_19_mlp_c_fc_bias = self.h_19_mlp_c_fc_bias.clone();
2119 +         let h_19_mlp_c_fc_bias = self.h_1_mlp_c_fc.clone();
     |

error[E0609]: no field `h_19_mlp_c_fc_weight` on type `&ChatterboxT3`
    --> crates\pycandle\tests\../src/generated_chatterbox_t3.rs:2122:41
     |
2122 |         let h_19_mlp_c_fc_weight = self.h_19_mlp_c_fc_weight.clone();
     |                                         ^^^^^^^^^^^^^^^^^^^^ unknown field
     |
     = note: available fields are: `drop`, `h_0_attn_c_attn`, `h_0_attn_c_proj`, `h_0_attn_resid_dropout`, `h_0_ln_1` ... and 95 others

error[E0609]: no field `h_19_mlp_c_proj_bias` on type `&ChatterboxT3`
    --> crates\pycandle\tests\../src/generated_chatterbox_t3.rs:2136:41
     |
2136 |         let h_19_mlp_c_proj_bias = self.h_19_mlp_c_proj_bias.clone();
     |                                         ^^^^^^^^^^^^^^^^^^^^ unknown field
     |
help: a field with a similar name exists
     |
2136 -         let h_19_mlp_c_proj_bias = self.h_19_mlp_c_proj_bias.clone();
2136 +         let h_19_mlp_c_proj_bias = self.h_1_mlp_c_proj.clone();
     |

error[E0609]: no field `h_19_mlp_c_proj_weight` on type `&ChatterboxT3`
    --> crates\pycandle\tests\../src/generated_chatterbox_t3.rs:2139:43
     |
2139 |         let h_19_mlp_c_proj_weight = self.h_19_mlp_c_proj_weight.clone();
     |                                           ^^^^^^^^^^^^^^^^^^^^^^ unknown field
     |
     = note: available fields are: `drop`, `h_0_attn_c_attn`, `h_0_attn_c_proj`, `h_0_attn_resid_dropout`, `h_0_ln_1` ... and 95 others

error[E0609]: no field `h_20_attn_c_attn_bias` on type `&ChatterboxT3`
    --> crates\pycandle\tests\../src/generated_chatterbox_t3.rs:2154:42
     |
2154 |         let h_20_attn_c_attn_bias = self.h_20_attn_c_attn_bias.clone();
     |                                          ^^^^^^^^^^^^^^^^^^^^^ unknown field
     |
help: a field with a similar name exists
     |
2154 -         let h_20_attn_c_attn_bias = self.h_20_attn_c_attn_bias.clone();
2154 +         let h_20_attn_c_attn_bias = self.h_0_attn_c_attn.clone();
     |

error[E0609]: no field `h_20_attn_c_attn_weight` on type `&ChatterboxT3`
    --> crates\pycandle\tests\../src/generated_chatterbox_t3.rs:2157:44
     |
2157 |         let h_20_attn_c_attn_weight = self.h_20_attn_c_attn_weight.clone();
     |                                            ^^^^^^^^^^^^^^^^^^^^^^^ unknown field
     |
     = note: available fields are: `drop`, `h_0_attn_c_attn`, `h_0_attn_c_proj`, `h_0_attn_resid_dropout`, `h_0_ln_1` ... and 95 others

error[E0599]: no method named `split` found for struct `candle_core::Tensor` in the current scope
    --> crates\pycandle\tests\../src/generated_chatterbox_t3.rs:2160:33
     |
2160 |         let split_20 = view_243.split(1024, 1)?;
     |                                 ^^^^^ method not found in `candle_core::Tensor`

error[E0308]: arguments to this function are incorrect
    --> crates\pycandle\tests\../src/generated_chatterbox_t3.rs:2179:47
     |
2179 | ...on_20 = pycandle_core::ops::scaled_dot_product_attention(permute_60, permute_61, permute_62, None, 0.0, false, None)?;
     |            ^^^^^^^^^^^^^^^^^^^^^^^^^^^^^^^^^^^^^^^^^^^^^^^^ ----------  ----------  ---------- expected `&Tensor`, found `Tensor`
     |                                                             |           |
     |                                                             |           expected `&Tensor`, found `Tensor`
     |                                                             expected `&Tensor`, found `Tensor`
     |
note: function defined here
    --> D:\pycandle\crates\pycandle-core\src\ops.rs:20:8
     |
  20 | pub fn scaled_dot_product_attention(
     |        ^^^^^^^^^^^^^^^^^^^^^^^^^^^^
help: consider borrowing here
     |
2179 |         let scaled_dot_product_attention_20 = pycandle_core::ops::scaled_dot_product_attention(&permute_60, permute_61, permute_62, None, 0.0, false, None)?;
     |                                                                                                +
help: consider borrowing here
     |
2179 |         let scaled_dot_product_attention_20 = pycandle_core::ops::scaled_dot_product_attention(permute_60, &permute_61, permute_62, None, 0.0, false, None)?;
     |                                                                                                            +
help: consider borrowing here
     |
2179 |         let scaled_dot_product_attention_20 = pycandle_core::ops::scaled_dot_product_attention(permute_60, permute_61, &permute_62, None, 0.0, false, None)?;
     |                                                                                                                        +

error[E0609]: no field `h_20_attn_c_proj_bias` on type `&ChatterboxT3`
    --> crates\pycandle\tests\../src/generated_chatterbox_t3.rs:2186:42
     |
2186 |         let h_20_attn_c_proj_bias = self.h_20_attn_c_proj_bias.clone();
     |                                          ^^^^^^^^^^^^^^^^^^^^^ unknown field
     |
help: a field with a similar name exists
     |
2186 -         let h_20_attn_c_proj_bias = self.h_20_attn_c_proj_bias.clone();
2186 +         let h_20_attn_c_proj_bias = self.h_0_attn_c_proj.clone();
     |

error[E0609]: no field `h_20_attn_c_proj_weight` on type `&ChatterboxT3`
    --> crates\pycandle\tests\../src/generated_chatterbox_t3.rs:2189:44
     |
2189 |         let h_20_attn_c_proj_weight = self.h_20_attn_c_proj_weight.clone();
     |                                            ^^^^^^^^^^^^^^^^^^^^^^^ unknown field
     |
     = note: available fields are: `drop`, `h_0_attn_c_attn`, `h_0_attn_c_proj`, `h_0_attn_resid_dropout`, `h_0_ln_1` ... and 95 others

error[E0609]: no field `h_20_mlp_c_fc_bias` on type `&ChatterboxT3`
    --> crates\pycandle\tests\../src/generated_chatterbox_t3.rs:2200:39
     |
2200 |         let h_20_mlp_c_fc_bias = self.h_20_mlp_c_fc_bias.clone();
     |                                       ^^^^^^^^^^^^^^^^^^ unknown field
     |
help: a field with a similar name exists
     |
2200 -         let h_20_mlp_c_fc_bias = self.h_20_mlp_c_fc_bias.clone();
2200 +         let h_20_mlp_c_fc_bias = self.h_0_mlp_c_fc.clone();
     |

error[E0609]: no field `h_20_mlp_c_fc_weight` on type `&ChatterboxT3`
    --> crates\pycandle\tests\../src/generated_chatterbox_t3.rs:2203:41
     |
2203 |         let h_20_mlp_c_fc_weight = self.h_20_mlp_c_fc_weight.clone();
     |                                         ^^^^^^^^^^^^^^^^^^^^ unknown field
     |
     = note: available fields are: `drop`, `h_0_attn_c_attn`, `h_0_attn_c_proj`, `h_0_attn_resid_dropout`, `h_0_ln_1` ... and 95 others

error[E0609]: no field `h_20_mlp_c_proj_bias` on type `&ChatterboxT3`
    --> crates\pycandle\tests\../src/generated_chatterbox_t3.rs:2217:41
     |
2217 |         let h_20_mlp_c_proj_bias = self.h_20_mlp_c_proj_bias.clone();
     |                                         ^^^^^^^^^^^^^^^^^^^^ unknown field
     |
help: a field with a similar name exists
     |
2217 -         let h_20_mlp_c_proj_bias = self.h_20_mlp_c_proj_bias.clone();
2217 +         let h_20_mlp_c_proj_bias = self.h_0_mlp_c_proj.clone();
     |

error[E0609]: no field `h_20_mlp_c_proj_weight` on type `&ChatterboxT3`
    --> crates\pycandle\tests\../src/generated_chatterbox_t3.rs:2220:43
     |
2220 |         let h_20_mlp_c_proj_weight = self.h_20_mlp_c_proj_weight.clone();
     |                                           ^^^^^^^^^^^^^^^^^^^^^^ unknown field
     |
     = note: available fields are: `drop`, `h_0_attn_c_attn`, `h_0_attn_c_proj`, `h_0_attn_resid_dropout`, `h_0_ln_1` ... and 95 others

error[E0609]: no field `h_21_attn_c_attn_bias` on type `&ChatterboxT3`
    --> crates\pycandle\tests\../src/generated_chatterbox_t3.rs:2235:42
     |
2235 |         let h_21_attn_c_attn_bias = self.h_21_attn_c_attn_bias.clone();
     |                                          ^^^^^^^^^^^^^^^^^^^^^ unknown field
     |
help: a field with a similar name exists
     |
2235 -         let h_21_attn_c_attn_bias = self.h_21_attn_c_attn_bias.clone();
2235 +         let h_21_attn_c_attn_bias = self.h_1_attn_c_attn.clone();
     |

error[E0609]: no field `h_21_attn_c_attn_weight` on type `&ChatterboxT3`
    --> crates\pycandle\tests\../src/generated_chatterbox_t3.rs:2238:44
     |
2238 |         let h_21_attn_c_attn_weight = self.h_21_attn_c_attn_weight.clone();
     |                                            ^^^^^^^^^^^^^^^^^^^^^^^ unknown field
     |
     = note: available fields are: `drop`, `h_0_attn_c_attn`, `h_0_attn_c_proj`, `h_0_attn_resid_dropout`, `h_0_ln_1` ... and 95 others

error[E0599]: no method named `split` found for struct `candle_core::Tensor` in the current scope
    --> crates\pycandle\tests\../src/generated_chatterbox_t3.rs:2241:33
     |
2241 |         let split_21 = view_255.split(1024, 1)?;
     |                                 ^^^^^ method not found in `candle_core::Tensor`

error[E0308]: arguments to this function are incorrect
    --> crates\pycandle\tests\../src/generated_chatterbox_t3.rs:2260:47
     |
2260 | ...on_21 = pycandle_core::ops::scaled_dot_product_attention(permute_63, permute_64, permute_65, None, 0.0, false, None)?;
     |            ^^^^^^^^^^^^^^^^^^^^^^^^^^^^^^^^^^^^^^^^^^^^^^^^ ----------  ----------  ---------- expected `&Tensor`, found `Tensor`
     |                                                             |           |
     |                                                             |           expected `&Tensor`, found `Tensor`
     |                                                             expected `&Tensor`, found `Tensor`
     |
note: function defined here
    --> D:\pycandle\crates\pycandle-core\src\ops.rs:20:8
     |
  20 | pub fn scaled_dot_product_attention(
     |        ^^^^^^^^^^^^^^^^^^^^^^^^^^^^
help: consider borrowing here
     |
2260 |         let scaled_dot_product_attention_21 = pycandle_core::ops::scaled_dot_product_attention(&permute_63, permute_64, permute_65, None, 0.0, false, None)?;
     |                                                                                                +
help: consider borrowing here
     |
2260 |         let scaled_dot_product_attention_21 = pycandle_core::ops::scaled_dot_product_attention(permute_63, &permute_64, permute_65, None, 0.0, false, None)?;
     |                                                                                                            +
help: consider borrowing here
     |
2260 |         let scaled_dot_product_attention_21 = pycandle_core::ops::scaled_dot_product_attention(permute_63, permute_64, &permute_65, None, 0.0, false, None)?;
     |                                                                                                                        +

error[E0609]: no field `h_21_attn_c_proj_bias` on type `&ChatterboxT3`
    --> crates\pycandle\tests\../src/generated_chatterbox_t3.rs:2267:42
     |
2267 |         let h_21_attn_c_proj_bias = self.h_21_attn_c_proj_bias.clone();
     |                                          ^^^^^^^^^^^^^^^^^^^^^ unknown field
     |
help: a field with a similar name exists
     |
2267 -         let h_21_attn_c_proj_bias = self.h_21_attn_c_proj_bias.clone();
2267 +         let h_21_attn_c_proj_bias = self.h_1_attn_c_proj.clone();
     |

error[E0609]: no field `h_21_attn_c_proj_weight` on type `&ChatterboxT3`
    --> crates\pycandle\tests\../src/generated_chatterbox_t3.rs:2270:44
     |
2270 |         let h_21_attn_c_proj_weight = self.h_21_attn_c_proj_weight.clone();
     |                                            ^^^^^^^^^^^^^^^^^^^^^^^ unknown field
     |
     = note: available fields are: `drop`, `h_0_attn_c_attn`, `h_0_attn_c_proj`, `h_0_attn_resid_dropout`, `h_0_ln_1` ... and 95 others

error[E0609]: no field `h_21_mlp_c_fc_bias` on type `&ChatterboxT3`
    --> crates\pycandle\tests\../src/generated_chatterbox_t3.rs:2281:39
     |
2281 |         let h_21_mlp_c_fc_bias = self.h_21_mlp_c_fc_bias.clone();
     |                                       ^^^^^^^^^^^^^^^^^^ unknown field
     |
help: a field with a similar name exists
     |
2281 -         let h_21_mlp_c_fc_bias = self.h_21_mlp_c_fc_bias.clone();
2281 +         let h_21_mlp_c_fc_bias = self.h_1_mlp_c_fc.clone();
     |

error[E0609]: no field `h_21_mlp_c_fc_weight` on type `&ChatterboxT3`
    --> crates\pycandle\tests\../src/generated_chatterbox_t3.rs:2284:41
     |
2284 |         let h_21_mlp_c_fc_weight = self.h_21_mlp_c_fc_weight.clone();
     |                                         ^^^^^^^^^^^^^^^^^^^^ unknown field
     |
     = note: available fields are: `drop`, `h_0_attn_c_attn`, `h_0_attn_c_proj`, `h_0_attn_resid_dropout`, `h_0_ln_1` ... and 95 others

error[E0609]: no field `h_21_mlp_c_proj_bias` on type `&ChatterboxT3`
    --> crates\pycandle\tests\../src/generated_chatterbox_t3.rs:2298:41
     |
2298 |         let h_21_mlp_c_proj_bias = self.h_21_mlp_c_proj_bias.clone();
     |                                         ^^^^^^^^^^^^^^^^^^^^ unknown field
     |
help: a field with a similar name exists
     |
2298 -         let h_21_mlp_c_proj_bias = self.h_21_mlp_c_proj_bias.clone();
2298 +         let h_21_mlp_c_proj_bias = self.h_1_mlp_c_proj.clone();
     |

error[E0609]: no field `h_21_mlp_c_proj_weight` on type `&ChatterboxT3`
    --> crates\pycandle\tests\../src/generated_chatterbox_t3.rs:2301:43
     |
2301 |         let h_21_mlp_c_proj_weight = self.h_21_mlp_c_proj_weight.clone();
     |                                           ^^^^^^^^^^^^^^^^^^^^^^ unknown field
     |
     = note: available fields are: `drop`, `h_0_attn_c_attn`, `h_0_attn_c_proj`, `h_0_attn_resid_dropout`, `h_0_ln_1` ... and 95 others

error[E0609]: no field `h_22_attn_c_attn_bias` on type `&ChatterboxT3`
    --> crates\pycandle\tests\../src/generated_chatterbox_t3.rs:2316:42
     |
2316 |         let h_22_attn_c_attn_bias = self.h_22_attn_c_attn_bias.clone();
     |                                          ^^^^^^^^^^^^^^^^^^^^^ unknown field
     |
help: a field with a similar name exists
     |
2316 -         let h_22_attn_c_attn_bias = self.h_22_attn_c_attn_bias.clone();
2316 +         let h_22_attn_c_attn_bias = self.h_12_attn_c_attn.clone();
     |

error[E0609]: no field `h_22_attn_c_attn_weight` on type `&ChatterboxT3`
    --> crates\pycandle\tests\../src/generated_chatterbox_t3.rs:2319:44
     |
2319 |         let h_22_attn_c_attn_weight = self.h_22_attn_c_attn_weight.clone();
     |                                            ^^^^^^^^^^^^^^^^^^^^^^^ unknown field
     |
     = note: available fields are: `drop`, `h_0_attn_c_attn`, `h_0_attn_c_proj`, `h_0_attn_resid_dropout`, `h_0_ln_1` ... and 95 others

error[E0599]: no method named `split` found for struct `candle_core::Tensor` in the current scope
    --> crates\pycandle\tests\../src/generated_chatterbox_t3.rs:2322:33
     |
2322 |         let split_22 = view_267.split(1024, 1)?;
     |                                 ^^^^^ method not found in `candle_core::Tensor`

error[E0308]: arguments to this function are incorrect
    --> crates\pycandle\tests\../src/generated_chatterbox_t3.rs:2341:47
     |
2341 | ...on_22 = pycandle_core::ops::scaled_dot_product_attention(permute_66, permute_67, permute_68, None, 0.0, false, None)?;
     |            ^^^^^^^^^^^^^^^^^^^^^^^^^^^^^^^^^^^^^^^^^^^^^^^^ ----------  ----------  ---------- expected `&Tensor`, found `Tensor`
     |                                                             |           |
     |                                                             |           expected `&Tensor`, found `Tensor`
     |                                                             expected `&Tensor`, found `Tensor`
     |
note: function defined here
    --> D:\pycandle\crates\pycandle-core\src\ops.rs:20:8
     |
  20 | pub fn scaled_dot_product_attention(
     |        ^^^^^^^^^^^^^^^^^^^^^^^^^^^^
help: consider borrowing here
     |
2341 |         let scaled_dot_product_attention_22 = pycandle_core::ops::scaled_dot_product_attention(&permute_66, permute_67, permute_68, None, 0.0, false, None)?;
     |                                                                                                +
help: consider borrowing here
     |
2341 |         let scaled_dot_product_attention_22 = pycandle_core::ops::scaled_dot_product_attention(permute_66, &permute_67, permute_68, None, 0.0, false, None)?;
     |                                                                                                            +
help: consider borrowing here
     |
2341 |         let scaled_dot_product_attention_22 = pycandle_core::ops::scaled_dot_product_attention(permute_66, permute_67, &permute_68, None, 0.0, false, None)?;
     |                                                                                                                        +

error[E0609]: no field `h_22_attn_c_proj_bias` on type `&ChatterboxT3`
    --> crates\pycandle\tests\../src/generated_chatterbox_t3.rs:2348:42
     |
2348 |         let h_22_attn_c_proj_bias = self.h_22_attn_c_proj_bias.clone();
     |                                          ^^^^^^^^^^^^^^^^^^^^^ unknown field
     |
help: a field with a similar name exists
     |
2348 -         let h_22_attn_c_proj_bias = self.h_22_attn_c_proj_bias.clone();
2348 +         let h_22_attn_c_proj_bias = self.h_12_attn_c_proj.clone();
     |

error[E0609]: no field `h_22_attn_c_proj_weight` on type `&ChatterboxT3`
    --> crates\pycandle\tests\../src/generated_chatterbox_t3.rs:2351:44
     |
2351 |         let h_22_attn_c_proj_weight = self.h_22_attn_c_proj_weight.clone();
     |                                            ^^^^^^^^^^^^^^^^^^^^^^^ unknown field
     |
     = note: available fields are: `drop`, `h_0_attn_c_attn`, `h_0_attn_c_proj`, `h_0_attn_resid_dropout`, `h_0_ln_1` ... and 95 others

error[E0609]: no field `h_22_mlp_c_fc_bias` on type `&ChatterboxT3`
    --> crates\pycandle\tests\../src/generated_chatterbox_t3.rs:2362:39
     |
2362 |         let h_22_mlp_c_fc_bias = self.h_22_mlp_c_fc_bias.clone();
     |                                       ^^^^^^^^^^^^^^^^^^ unknown field
     |
help: a field with a similar name exists
     |
2362 -         let h_22_mlp_c_fc_bias = self.h_22_mlp_c_fc_bias.clone();
2362 +         let h_22_mlp_c_fc_bias = self.h_12_mlp_c_fc.clone();
     |

error[E0609]: no field `h_22_mlp_c_fc_weight` on type `&ChatterboxT3`
    --> crates\pycandle\tests\../src/generated_chatterbox_t3.rs:2365:41
     |
2365 |         let h_22_mlp_c_fc_weight = self.h_22_mlp_c_fc_weight.clone();
     |                                         ^^^^^^^^^^^^^^^^^^^^ unknown field
     |
     = note: available fields are: `drop`, `h_0_attn_c_attn`, `h_0_attn_c_proj`, `h_0_attn_resid_dropout`, `h_0_ln_1` ... and 95 others

error[E0609]: no field `h_22_mlp_c_proj_bias` on type `&ChatterboxT3`
    --> crates\pycandle\tests\../src/generated_chatterbox_t3.rs:2379:41
     |
2379 |         let h_22_mlp_c_proj_bias = self.h_22_mlp_c_proj_bias.clone();
     |                                         ^^^^^^^^^^^^^^^^^^^^ unknown field
     |
help: a field with a similar name exists
     |
2379 -         let h_22_mlp_c_proj_bias = self.h_22_mlp_c_proj_bias.clone();
2379 +         let h_22_mlp_c_proj_bias = self.h_12_mlp_c_proj.clone();
     |

error[E0609]: no field `h_22_mlp_c_proj_weight` on type `&ChatterboxT3`
    --> crates\pycandle\tests\../src/generated_chatterbox_t3.rs:2382:43
     |
2382 |         let h_22_mlp_c_proj_weight = self.h_22_mlp_c_proj_weight.clone();
     |                                           ^^^^^^^^^^^^^^^^^^^^^^ unknown field
     |
     = note: available fields are: `drop`, `h_0_attn_c_attn`, `h_0_attn_c_proj`, `h_0_attn_resid_dropout`, `h_0_ln_1` ... and 95 others

error[E0609]: no field `h_23_attn_c_attn_bias` on type `&ChatterboxT3`
    --> crates\pycandle\tests\../src/generated_chatterbox_t3.rs:2397:42
     |
2397 |         let h_23_attn_c_attn_bias = self.h_23_attn_c_attn_bias.clone();
     |                                          ^^^^^^^^^^^^^^^^^^^^^ unknown field
     |
help: a field with a similar name exists
     |
2397 -         let h_23_attn_c_attn_bias = self.h_23_attn_c_attn_bias.clone();
2397 +         let h_23_attn_c_attn_bias = self.h_13_attn_c_attn.clone();
     |

error[E0609]: no field `h_23_attn_c_attn_weight` on type `&ChatterboxT3`
    --> crates\pycandle\tests\../src/generated_chatterbox_t3.rs:2400:44
     |
2400 |         let h_23_attn_c_attn_weight = self.h_23_attn_c_attn_weight.clone();
     |                                            ^^^^^^^^^^^^^^^^^^^^^^^ unknown field
     |
     = note: available fields are: `drop`, `h_0_attn_c_attn`, `h_0_attn_c_proj`, `h_0_attn_resid_dropout`, `h_0_ln_1` ... and 95 others

error[E0599]: no method named `split` found for struct `candle_core::Tensor` in the current scope
    --> crates\pycandle\tests\../src/generated_chatterbox_t3.rs:2403:33
     |
2403 |         let split_23 = view_279.split(1024, 1)?;
     |                                 ^^^^^ method not found in `candle_core::Tensor`

error[E0308]: arguments to this function are incorrect
    --> crates\pycandle\tests\../src/generated_chatterbox_t3.rs:2422:47
     |
2422 | ...on_23 = pycandle_core::ops::scaled_dot_product_attention(permute_69, permute_70, permute_71, None, 0.0, false, None)?;
     |            ^^^^^^^^^^^^^^^^^^^^^^^^^^^^^^^^^^^^^^^^^^^^^^^^ ----------  ----------  ---------- expected `&Tensor`, found `Tensor`
     |                                                             |           |
     |                                                             |           expected `&Tensor`, found `Tensor`
     |                                                             expected `&Tensor`, found `Tensor`
     |
note: function defined here
    --> D:\pycandle\crates\pycandle-core\src\ops.rs:20:8
     |
  20 | pub fn scaled_dot_product_attention(
     |        ^^^^^^^^^^^^^^^^^^^^^^^^^^^^
help: consider borrowing here
     |
2422 |         let scaled_dot_product_attention_23 = pycandle_core::ops::scaled_dot_product_attention(&permute_69, permute_70, permute_71, None, 0.0, false, None)?;
     |                                                                                                +
help: consider borrowing here
     |
2422 |         let scaled_dot_product_attention_23 = pycandle_core::ops::scaled_dot_product_attention(permute_69, &permute_70, permute_71, None, 0.0, false, None)?;
     |                                                                                                            +
help: consider borrowing here
     |
2422 |         let scaled_dot_product_attention_23 = pycandle_core::ops::scaled_dot_product_attention(permute_69, permute_70, &permute_71, None, 0.0, false, None)?;
     |                                                                                                                        +

error[E0609]: no field `h_23_attn_c_proj_bias` on type `&ChatterboxT3`
    --> crates\pycandle\tests\../src/generated_chatterbox_t3.rs:2429:42
     |
2429 |         let h_23_attn_c_proj_bias = self.h_23_attn_c_proj_bias.clone();
     |                                          ^^^^^^^^^^^^^^^^^^^^^ unknown field
     |
help: a field with a similar name exists
     |
2429 -         let h_23_attn_c_proj_bias = self.h_23_attn_c_proj_bias.clone();
2429 +         let h_23_attn_c_proj_bias = self.h_13_attn_c_proj.clone();
     |

error[E0609]: no field `h_23_attn_c_proj_weight` on type `&ChatterboxT3`
    --> crates\pycandle\tests\../src/generated_chatterbox_t3.rs:2432:44
     |
2432 |         let h_23_attn_c_proj_weight = self.h_23_attn_c_proj_weight.clone();
     |                                            ^^^^^^^^^^^^^^^^^^^^^^^ unknown field
     |
     = note: available fields are: `drop`, `h_0_attn_c_attn`, `h_0_attn_c_proj`, `h_0_attn_resid_dropout`, `h_0_ln_1` ... and 95 others

error[E0609]: no field `h_23_mlp_c_fc_bias` on type `&ChatterboxT3`
    --> crates\pycandle\tests\../src/generated_chatterbox_t3.rs:2443:39
     |
2443 |         let h_23_mlp_c_fc_bias = self.h_23_mlp_c_fc_bias.clone();
     |                                       ^^^^^^^^^^^^^^^^^^ unknown field
     |
help: a field with a similar name exists
     |
2443 -         let h_23_mlp_c_fc_bias = self.h_23_mlp_c_fc_bias.clone();
2443 +         let h_23_mlp_c_fc_bias = self.h_13_mlp_c_fc.clone();
     |

error[E0609]: no field `h_23_mlp_c_fc_weight` on type `&ChatterboxT3`
    --> crates\pycandle\tests\../src/generated_chatterbox_t3.rs:2446:41
     |
2446 |         let h_23_mlp_c_fc_weight = self.h_23_mlp_c_fc_weight.clone();
     |                                         ^^^^^^^^^^^^^^^^^^^^ unknown field
     |
     = note: available fields are: `drop`, `h_0_attn_c_attn`, `h_0_attn_c_proj`, `h_0_attn_resid_dropout`, `h_0_ln_1` ... and 95 others

error[E0609]: no field `h_23_mlp_c_proj_bias` on type `&ChatterboxT3`
    --> crates\pycandle\tests\../src/generated_chatterbox_t3.rs:2460:41
     |
2460 |         let h_23_mlp_c_proj_bias = self.h_23_mlp_c_proj_bias.clone();
     |                                         ^^^^^^^^^^^^^^^^^^^^ unknown field
     |
help: a field with a similar name exists
     |
2460 -         let h_23_mlp_c_proj_bias = self.h_23_mlp_c_proj_bias.clone();
2460 +         let h_23_mlp_c_proj_bias = self.h_13_mlp_c_proj.clone();
     |

error[E0609]: no field `h_23_mlp_c_proj_weight` on type `&ChatterboxT3`
    --> crates\pycandle\tests\../src/generated_chatterbox_t3.rs:2463:43
     |
2463 |         let h_23_mlp_c_proj_weight = self.h_23_mlp_c_proj_weight.clone();
     |                                           ^^^^^^^^^^^^^^^^^^^^^^ unknown field
     |
     = note: available fields are: `drop`, `h_0_attn_c_attn`, `h_0_attn_c_proj`, `h_0_attn_resid_dropout`, `h_0_ln_1` ... and 95 others

error[E0599]: no function or associated item named `default` found for struct `model::Config` in the current scope
  --> crates\pycandle\tests\chatterbox_t3_parity.rs:39:52
   |
39 |         let mut model = ChatterboxT3::load(Config::default(), vb, Some(checker.clone()))?;
   |                                                    ^^^^^^^ function or associated item not found in `model::Config`
   |
  ::: crates\pycandle\tests\../src/generated_chatterbox_t3.rs:11:1
   |
11 | pub struct Config {
   | ----------------- function or associated item `default` not found for this struct
   |
   = help: items from traits can only be used if the trait is implemented and in scope
   = note: the following trait defines an item `default`, perhaps you need to implement it:
           candidate #1: `Default`

Some errors have detailed explanations: E0277, E0308, E0425, E0599, E0609.
For more information about an error, try `rustc --explain E0277`.
warning: `pycandle` (test "chatterbox_t3_parity") generated 9 warnings
error: could not compile `pycandle` (test "chatterbox_t3_parity") due to 251 previous errors; 9 warnings emitted
